{"ts":1760118134965,"action":"PROJECT_OPENED","tags":{"PROJECT_NAME":"upm-shop"}}
{"ts":1760118135774,"action":"FILE_OPENED","file":"/README.md","tags":{"FILE_LINE_OF_CODE":"77"}}
{"ts":1760118137881,"action":"IDE_DEACTIVATED"}
{"ts":1760118140854,"action":"IDE_ACTIVATED"}
{"ts":1760118141698,"action":"IDE_DEACTIVATED"}
{"ts":1760118143262,"action":"IDE_ACTIVATED"}
{"ts":1760118148107,"action":"FILE_CLOSED","file":"/README.md","tags":{"FILE_LINE_OF_CODE":"77"}}
{"ts":1760118148174,"action":"FILE_OPENED","file":"/src/main/java/es/upm/iwsim22_01/commands/commands/Command.java","tags":{"FILE_LINE_OF_CODE":"11"}}
{"ts":1760118166550,"action":"IDE_DEACTIVATED"}
{"ts":1760118339059,"action":"IDE_ACTIVATED"}
{"ts":1760118341376,"action":"FILE_CLOSED","file":"/src/main/java/es/upm/iwsim22_01/commands/commands/Command.java","tags":{"FILE_LINE_OF_CODE":"10"}}
{"ts":1760118341426,"action":"FILE_OPENED","file":"/src/main/java/es/upm/iwsim22_01/commands/CommandDispatcher.java","tags":{"FILE_LINE_OF_CODE":"64"}}
{"ts":1760118367060,"action":"IDE_DEACTIVATED"}
{"ts":1760118402208,"action":"IDE_ACTIVATED"}
{"ts":1760118434393,"action":"IDE_DEACTIVATED"}
{"ts":1760118491758,"action":"IDE_ACTIVATED"}
{"ts":1760118511589,"action":"FILE_CLOSED","file":"/src/main/java/es/upm/iwsim22_01/commands/CommandDispatcher.java","tags":{"FILE_LINE_OF_CODE":"64"}}
{"ts":1760118511589,"action":"FILE_OPENED","file":"/src/main/java/es/upm/iwsim22_01/commands/commands/CommandHandler.java","tags":{"FILE_LINE_OF_CODE":"10"}}
{"ts":1760118516426,"action":"IDE_DEACTIVATED"}
{"ts":1760118550317,"action":"IDE_ACTIVATED"}
{"ts":1760118554288,"action":"FILE_CLOSED","file":"/src/main/java/es/upm/iwsim22_01/commands/commands/CommandHandler.java","tags":{"FILE_LINE_OF_CODE":"10"}}
{"ts":1760118554319,"action":"FILE_OPENED","file":"/src/main/java/es/upm/iwsim22_01/commands/commands/TicketCommandHandler.java","tags":{"FILE_LINE_OF_CODE":"106"}}
{"ts":1760118555546,"action":"FILE_CLOSED","file":"/src/main/java/es/upm/iwsim22_01/commands/commands/TicketCommandHandler.java","tags":{"FILE_LINE_OF_CODE":"106"}}
{"ts":1760118555546,"action":"FILE_OPENED","file":"/src/main/java/es/upm/iwsim22_01/commands/CommandDispatcher.java","tags":{"FILE_LINE_OF_CODE":"64"}}
{"ts":1760118576824,"action":"IDE_DEACTIVATED"}
{"ts":1760118603908,"action":"IDE_ACTIVATED"}
{"ts":1760118647430,"action":"FILE_CLOSED","file":"/src/main/java/es/upm/iwsim22_01/commands/CommandDispatcher.java","tags":{"FILE_LINE_OF_CODE":"65"}}
{"ts":1760118647431,"action":"FILE_OPENED","file":"/src/main/java/es/upm/iwsim22_01/commands/commands/CommandHandler.java","tags":{"FILE_LINE_OF_CODE":"10"}}
{"ts":1760118649672,"action":"FILE_CLOSED","file":"/src/main/java/es/upm/iwsim22_01/commands/commands/CommandHandler.java","tags":{"FILE_LINE_OF_CODE":"10"}}
{"ts":1760118649672,"action":"FILE_OPENED","file":"/src/main/java/es/upm/iwsim22_01/commands/commands/TicketCommandHandler.java","tags":{"FILE_LINE_OF_CODE":"106"}}
{"ts":1760118650631,"action":"FILE_CLOSED","file":"/src/main/java/es/upm/iwsim22_01/commands/commands/TicketCommandHandler.java","tags":{"FILE_LINE_OF_CODE":"106"}}
{"ts":1760118650631,"action":"FILE_OPENED","file":"/src/main/java/es/upm/iwsim22_01/commands/CommandDispatcher.java","tags":{"FILE_LINE_OF_CODE":"65"}}
{"ts":1760118655358,"action":"FILE_CLOSED","file":"/src/main/java/es/upm/iwsim22_01/commands/CommandDispatcher.java","tags":{"FILE_LINE_OF_CODE":"65"}}
{"ts":1760118655390,"action":"FILE_OPENED","file":"/src/main/java/es/upm/iwsim22_01/commands/commands/EchoCommandHandler.java","tags":{"FILE_LINE_OF_CODE":"18"}}
{"ts":1760118669414,"action":"IDE_DEACTIVATED"}
{"ts":1760174610269,"action":"IDE_ACTIVATED"}
{"ts":1760174620413,"action":"FILE_CLOSED","file":"/src/main/java/es/upm/iwsim22_01/commands/commands/EchoCommandHandler.java","tags":{"FILE_LINE_OF_CODE":"18"}}
{"ts":1760174620508,"action":"FILE_OPENED","file":"/src/main/java/es/upm/iwsim22_01/commands/Converter.java","tags":{"FILE_LINE_OF_CODE":"34"}}
{"ts":1760174625138,"action":"IDE_DEACTIVATED"}
{"ts":1760174661624,"action":"IDE_ACTIVATED"}
{"ts":1760174661889,"action":"FILE_CLOSED","file":"/src/main/java/es/upm/iwsim22_01/commands/Converter.java","tags":{"FILE_LINE_OF_CODE":"34"}}
{"ts":1760174661889,"action":"FILE_OPENED","file":"/src/main/java/es/upm/iwsim22_01/commands/commands/CommandHandler.java","tags":{"FILE_LINE_OF_CODE":"10"}}
{"ts":1760174672013,"action":"IDE_DEACTIVATED"}
{"ts":1760175050765,"action":"IDE_ACTIVATED"}
{"ts":1760175106104,"action":"FILE_CLOSED","file":"/src/main/java/es/upm/iwsim22_01/commands/commands/CommandHandler.java","tags":{"FILE_LINE_OF_CODE":"26"}}
{"ts":1760175106104,"action":"FILE_OPENED","file":"/src/main/java/es/upm/iwsim22_01/commands/commands/EchoCommandHandler.java","tags":{"FILE_LINE_OF_CODE":"33"}}
{"ts":1760175120966,"action":"IDE_DEACTIVATED"}
{"ts":1760175126071,"action":"IDE_ACTIVATED"}
{"ts":1760175138039,"action":"IDE_DEACTIVATED"}
{"ts":1760175154564,"action":"IDE_ACTIVATED"}
{"ts":1760175155628,"action":"IDE_DEACTIVATED"}
{"ts":1760175155652,"action":"IDE_ACTIVATED"}
{"ts":1760175163773,"action":"FILE_CLOSED","file":"/src/main/java/es/upm/iwsim22_01/commands/commands/EchoCommandHandler.java","tags":{"FILE_LINE_OF_CODE":"30"}}
{"ts":1760175163773,"action":"FILE_OPENED","file":"/src/main/java/es/upm/iwsim22_01/commands/commands/CommandHandler.java","tags":{"FILE_LINE_OF_CODE":"26"}}
{"ts":1760175174257,"action":"FILE_CLOSED","file":"/src/main/java/es/upm/iwsim22_01/commands/commands/CommandHandler.java","tags":{"FILE_LINE_OF_CODE":"26"}}
{"ts":1760175174258,"action":"FILE_OPENED","file":"/src/main/java/es/upm/iwsim22_01/commands/commands/EchoCommandHandler.java","tags":{"FILE_LINE_OF_CODE":"30"}}
{"ts":1760175179422,"action":"FILE_CLOSED","file":"/src/main/java/es/upm/iwsim22_01/commands/commands/EchoCommandHandler.java","tags":{"FILE_LINE_OF_CODE":"30"}}
{"ts":1760175179422,"action":"FILE_OPENED","file":"/src/main/java/es/upm/iwsim22_01/commands/commands/CommandHandler.java","tags":{"FILE_LINE_OF_CODE":"26"}}
{"ts":1760175204194,"action":"FILE_CLOSED","file":"/src/main/java/es/upm/iwsim22_01/commands/commands/CommandHandler.java","tags":{"FILE_LINE_OF_CODE":"26"}}
{"ts":1760175204194,"action":"FILE_OPENED","file":"/src/main/java/es/upm/iwsim22_01/commands/commands/EchoCommandHandler.java","tags":{"FILE_LINE_OF_CODE":"30"}}
{"ts":1760175207473,"action":"IDE_DEACTIVATED"}
{"ts":1760175240613,"action":"IDE_ACTIVATED"}
{"ts":1760175240938,"action":"FILE_CLOSED","file":"/src/main/java/es/upm/iwsim22_01/commands/commands/EchoCommandHandler.java","tags":{"FILE_LINE_OF_CODE":"30"}}
{"ts":1760175241009,"action":"FILE_OPENED","file":"/src/main/java/es/upm/iwsim22_01/commands/commands/ExitCommandHandler.java","tags":{"FILE_LINE_OF_CODE":"31"}}
{"ts":1760175268280,"action":"FILE_CLOSED","file":"/src/main/java/es/upm/iwsim22_01/commands/commands/ExitCommandHandler.java","tags":{"FILE_LINE_OF_CODE":"28"}}
{"ts":1760175268348,"action":"FILE_OPENED","file":"/src/main/java/es/upm/iwsim22_01/commands/commands/HelpCommandHandler.java","tags":{"FILE_LINE_OF_CODE":"64"}}
{"ts":1760175279979,"action":"FILE_CLOSED","file":"/src/main/java/es/upm/iwsim22_01/commands/commands/HelpCommandHandler.java","tags":{"FILE_LINE_OF_CODE":"63"}}
{"ts":1760175280069,"action":"FILE_OPENED","file":"/src/main/java/es/upm/iwsim22_01/commands/commands/ProdCommandHandler.java","tags":{"FILE_LINE_OF_CODE":"226"}}
{"ts":1760175284449,"action":"FILE_CLOSED","file":"/src/main/java/es/upm/iwsim22_01/commands/commands/ProdCommandHandler.java","tags":{"FILE_LINE_OF_CODE":"227"}}
{"ts":1760175284449,"action":"FILE_OPENED","file":"/src/main/java/es/upm/iwsim22_01/commands/commands/HelpCommandHandler.java","tags":{"FILE_LINE_OF_CODE":"63"}}
{"ts":1760175288573,"action":"FILE_CLOSED","file":"/src/main/java/es/upm/iwsim22_01/commands/commands/HelpCommandHandler.java","tags":{"FILE_LINE_OF_CODE":"63"}}
{"ts":1760175288573,"action":"FILE_OPENED","file":"/src/main/java/es/upm/iwsim22_01/commands/commands/ExitCommandHandler.java","tags":{"FILE_LINE_OF_CODE":"28"}}
{"ts":1760175291776,"action":"FILE_CLOSED","file":"/src/main/java/es/upm/iwsim22_01/commands/commands/ExitCommandHandler.java","tags":{"FILE_LINE_OF_CODE":"29"}}
{"ts":1760175291776,"action":"FILE_OPENED","file":"/src/main/java/es/upm/iwsim22_01/commands/commands/EchoCommandHandler.java","tags":{"FILE_LINE_OF_CODE":"30"}}
{"ts":1760175294009,"action":"FILE_CLOSED","file":"/src/main/java/es/upm/iwsim22_01/commands/commands/EchoCommandHandler.java","tags":{"FILE_LINE_OF_CODE":"31"}}
{"ts":1760175294009,"action":"FILE_OPENED","file":"/src/main/java/es/upm/iwsim22_01/commands/commands/CommandHandler.java","tags":{"FILE_LINE_OF_CODE":"26"}}
{"ts":1760175295392,"action":"FILE_CLOSED","file":"/src/main/java/es/upm/iwsim22_01/commands/commands/CommandHandler.java","tags":{"FILE_LINE_OF_CODE":"26"}}
{"ts":1760175295392,"action":"FILE_OPENED","file":"/src/main/java/es/upm/iwsim22_01/commands/commands/ProdCommandHandler.java","tags":{"FILE_LINE_OF_CODE":"227"}}
{"ts":1760175316588,"action":"FILE_CLOSED","file":"/src/main/java/es/upm/iwsim22_01/commands/commands/ProdCommandHandler.java","tags":{"FILE_LINE_OF_CODE":"227"}}
{"ts":1760175316588,"action":"FILE_OPENED","file":"/src/main/java/es/upm/iwsim22_01/commands/commands/TicketCommandHandler.java","tags":{"FILE_LINE_OF_CODE":"150"}}
{"ts":1760175334896,"action":"FILE_CLOSED","file":"/src/main/java/es/upm/iwsim22_01/commands/commands/TicketCommandHandler.java","tags":{"FILE_LINE_OF_CODE":"151"}}
{"ts":1760175334896,"action":"FILE_OPENED","file":"/src/main/java/es/upm/iwsim22_01/commands/CommandDispatcher.java","tags":{"FILE_LINE_OF_CODE":"102"}}
{"ts":1760175404026,"action":"FILE_CLOSED","file":"/src/main/java/es/upm/iwsim22_01/commands/CommandDispatcher.java","tags":{"FILE_LINE_OF_CODE":"101"}}
{"ts":1760175404105,"action":"FILE_OPENED","file":"/src/main/java/es/upm/iwsim22_01/commands/CommandStatus.java","tags":{"FILE_LINE_OF_CODE":"55"}}
{"ts":1760175444473,"action":"FILE_CLOSED","file":"/src/main/java/es/upm/iwsim22_01/commands/CommandStatus.java","tags":{"FILE_LINE_OF_CODE":"53"}}
{"ts":1760175444473,"action":"FILE_OPENED","file":"/src/main/java/es/upm/iwsim22_01/commands/Converter.java","tags":{"FILE_LINE_OF_CODE":"60"}}
{"ts":1760175446894,"action":"FILE_CLOSED","file":"/src/main/java/es/upm/iwsim22_01/commands/Converter.java","tags":{"FILE_LINE_OF_CODE":"60"}}
{"ts":1760175446894,"action":"FILE_OPENED","file":"/src/main/java/es/upm/iwsim22_01/commands/CommandStatus.java","tags":{"FILE_LINE_OF_CODE":"53"}}
{"ts":1760175471237,"action":"FILE_CLOSED","file":"/src/main/java/es/upm/iwsim22_01/commands/CommandStatus.java","tags":{"FILE_LINE_OF_CODE":"52"}}
{"ts":1760175471237,"action":"FILE_OPENED","file":"/src/main/java/es/upm/iwsim22_01/commands/Converter.java","tags":{"FILE_LINE_OF_CODE":"59"}}
{"ts":1760175489337,"action":"FILE_CLOSED","file":"/src/main/java/es/upm/iwsim22_01/commands/Converter.java","tags":{"FILE_LINE_OF_CODE":"59"}}
{"ts":1760175489375,"action":"FILE_OPENED","file":"/src/main/java/es/upm/iwsim22_01/manager/ProductManager.java","tags":{"FILE_LINE_OF_CODE":"95"}}
{"ts":1760175629168,"action":"FILE_CLOSED","file":"/src/main/java/es/upm/iwsim22_01/manager/ProductManager.java","tags":{"FILE_LINE_OF_CODE":"93"}}
{"ts":1760175629216,"action":"FILE_OPENED","file":"/src/main/java/es/upm/iwsim22_01/models/Category.java","tags":{"FILE_LINE_OF_CODE":"43"}}
{"ts":1760175676767,"action":"FILE_CLOSED","file":"/src/main/java/es/upm/iwsim22_01/models/Category.java","tags":{"FILE_LINE_OF_CODE":"32"}}
{"ts":1760175676812,"action":"FILE_OPENED","file":"/src/main/java/es/upm/iwsim22_01/models/Product.java","tags":{"FILE_LINE_OF_CODE":"224"}}
{"ts":1760175742332,"action":"FILE_CLOSED","file":"/src/main/java/es/upm/iwsim22_01/models/Product.java","tags":{"FILE_LINE_OF_CODE":"219"}}
{"ts":1760175742376,"action":"FILE_OPENED","file":"/src/main/java/es/upm/iwsim22_01/models/Ticket.java","tags":{"FILE_LINE_OF_CODE":"155"}}
{"ts":1760175850753,"action":"FILE_CLOSED","file":"/src/main/java/es/upm/iwsim22_01/models/Ticket.java","tags":{"FILE_LINE_OF_CODE":"154"}}
{"ts":1760175850793,"action":"FILE_OPENED","file":"/src/main/java/es/upm/iwsim22_01/App.java","tags":{"FILE_LINE_OF_CODE":"118"}}
{"ts":1760175890693,"action":"IDE_DEACTIVATED"}
{"ts":1760175919270,"action":"IDE_ACTIVATED"}
{"ts":1760175923762,"action":"FILE_CLOSED","file":"/src/main/java/es/upm/iwsim22_01/App.java","tags":{"FILE_LINE_OF_CODE":"109"}}
{"ts":1760175923762,"action":"FILE_OPENED","file":"/src/main/java/es/upm/iwsim22_01/models/Product.java","tags":{"FILE_LINE_OF_CODE":"219"}}
{"ts":1760175927227,"action":"IDE_DEACTIVATED"}
{"ts":1760176073097,"action":"IDE_ACTIVATED"}
{"ts":1760176075258,"action":"FILE_CLOSED","file":"/src/main/java/es/upm/iwsim22_01/models/Product.java","tags":{"FILE_LINE_OF_CODE":"219"}}
{"ts":1760176075258,"action":"FILE_OPENED","file":"/src/main/java/es/upm/iwsim22_01/commands/commands/CommandHandler.java","tags":{"FILE_LINE_OF_CODE":"25"}}
{"ts":1760176166094,"action":"FILE_CLOSED","file":"/src/main/java/es/upm/iwsim22_01/commands/commands/CommandHandler.java","tags":{"FILE_LINE_OF_CODE":"25"}}
{"ts":1760176166094,"action":"FILE_OPENED","file":"/src/main/java/es/upm/iwsim22_01/commands/commands/EchoCommandHandler.java","tags":{"FILE_LINE_OF_CODE":"30"}}
{"ts":1760176169949,"action":"IDE_DEACTIVATED"}
{"ts":1760176234608,"action":"IDE_ACTIVATED"}
{"ts":1760176237698,"action":"IDE_DEACTIVATED"}
{"ts":1760176253425,"action":"IDE_ACTIVATED"}
{"ts":1760176253669,"action":"FILE_CLOSED","file":"/src/main/java/es/upm/iwsim22_01/commands/commands/EchoCommandHandler.java","tags":{"FILE_LINE_OF_CODE":"30"}}
{"ts":1760176253670,"action":"FILE_OPENED","file":"/src/main/java/es/upm/iwsim22_01/models/Product.java","tags":{"FILE_LINE_OF_CODE":"117"}}
{"ts":1760176257384,"action":"IDE_DEACTIVATED"}
{"ts":1760176262874,"action":"IDE_ACTIVATED"}
{"ts":1760176263810,"action":"IDE_DEACTIVATED"}
{"ts":1760176303475,"action":"IDE_ACTIVATED"}
{"ts":1760176304587,"action":"IDE_DEACTIVATED"}
{"ts":1760176317653,"action":"IDE_ACTIVATED"}
{"ts":1760176319665,"action":"IDE_DEACTIVATED"}
{"ts":1760176545765,"action":"IDE_ACTIVATED"}
{"ts":1760176548962,"action":"FILE_CLOSED","file":"/src/main/java/es/upm/iwsim22_01/models/Product.java","tags":{"FILE_LINE_OF_CODE":"219"}}
{"ts":1760176548962,"action":"FILE_OPENED","file":"/src/main/java/es/upm/iwsim22_01/models/Ticket.java","tags":{"FILE_LINE_OF_CODE":"95"}}
{"ts":1760176550823,"action":"FILE_CLOSED","file":"/src/main/java/es/upm/iwsim22_01/models/Ticket.java","tags":{"FILE_LINE_OF_CODE":"95"}}
{"ts":1760176550823,"action":"FILE_OPENED","file":"/src/main/java/es/upm/iwsim22_01/models/Category.java","tags":{"FILE_LINE_OF_CODE":"32"}}
{"ts":1760176553493,"action":"FILE_CLOSED","file":"/src/main/java/es/upm/iwsim22_01/models/Category.java","tags":{"FILE_LINE_OF_CODE":"32"}}
{"ts":1760176553493,"action":"FILE_OPENED","file":"/src/main/java/es/upm/iwsim22_01/models/Ticket.java","tags":{"FILE_LINE_OF_CODE":"95"}}
{"ts":1760176567487,"action":"IDE_DEACTIVATED"}
{"ts":1760176574543,"action":"IDE_ACTIVATED"}
{"ts":1760176577282,"action":"IDE_DEACTIVATED"}
{"ts":1760176583959,"action":"IDE_ACTIVATED"}
{"ts":1760176596251,"action":"IDE_DEACTIVATED"}
{"ts":1760176646786,"action":"IDE_ACTIVATED"}
{"ts":1760176683646,"action":"IDE_DEACTIVATED"}
{"ts":1760176827122,"action":"IDE_ACTIVATED"}
{"ts":1760176841120,"action":"IDE_DEACTIVATED"}
{"ts":1760176872838,"action":"IDE_ACTIVATED"}
{"ts":1760176891376,"action":"IDE_DEACTIVATED"}
{"ts":1760176900120,"action":"IDE_ACTIVATED"}
{"ts":1760176954635,"action":"IDE_DEACTIVATED"}
{"ts":1760177126512,"action":"IDE_ACTIVATED"}
{"ts":1760177126911,"action":"FILE_CLOSED","file":"/src/main/java/es/upm/iwsim22_01/models/Ticket.java","tags":{"FILE_LINE_OF_CODE":"156"}}
{"ts":1760177126911,"action":"FILE_OPENED","file":"/src/main/java/es/upm/iwsim22_01/commands/commands/TicketCommandHandler.java","tags":{"FILE_LINE_OF_CODE":"150"}}
{"ts":1760177142697,"action":"FILE_CLOSED","file":"/src/main/java/es/upm/iwsim22_01/commands/commands/TicketCommandHandler.java","tags":{"FILE_LINE_OF_CODE":"150"}}
{"ts":1760177142697,"action":"FILE_OPENED","file":"/src/main/java/es/upm/iwsim22_01/models/Ticket.java","tags":{"FILE_LINE_OF_CODE":"156"}}
{"ts":1760177147082,"action":"IDE_DEACTIVATED"}
{"ts":1760177232740,"action":"IDE_ACTIVATED"}
{"ts":1760177251696,"action":"IDE_DEACTIVATED"}
{"ts":1760177393553,"action":"IDE_ACTIVATED"}
{"ts":1760177394659,"action":"IDE_DEACTIVATED"}
{"ts":1760177526174,"action":"IDE_ACTIVATED"}
{"ts":1760177532428,"action":"IDE_DEACTIVATED"}
{"ts":1760179344159,"action":"IDE_ACTIVATED"}
{"ts":1760179352271,"action":"IDE_DEACTIVATED"}
{"ts":1760179953552,"action":"IDE_ACTIVATED"}
{"ts":1760179957562,"action":"IDE_DEACTIVATED"}
{"ts":1760192883852,"action":"IDE_ACTIVATED"}
{"ts":1760192905451,"action":"IDE_DEACTIVATED"}
{"ts":1760198236508,"action":"IDE_ACTIVATED"}
{"ts":1760198310420,"action":"IDE_DEACTIVATED"}
{"ts":1760198356591,"action":"IDE_ACTIVATED"}
{"ts":1760198428739,"action":"FILE_CLOSED","file":"/src/main/java/es/upm/iwsim22_01/models/Ticket.java","tags":{"FILE_LINE_OF_CODE":"163"}}
{"ts":1760198428739,"action":"FILE_OPENED","file":"/src/main/java/es/upm/iwsim22_01/App.java","tags":{"FILE_LINE_OF_CODE":"109"}}
{"ts":1760198546041,"action":"IDE_DEACTIVATED"}
{"ts":1760198556234,"action":"IDE_ACTIVATED"}
{"ts":1760198649774,"action":"FILE_CLOSED","file":"/src/main/java/es/upm/iwsim22_01/App.java","tags":{"FILE_LINE_OF_CODE":"111"}}
{"ts":1760198649774,"action":"FILE_OPENED","file":"/src/main/java/es/upm/iwsim22_01/commands/commands/EchoCommandHandler.java","tags":{"FILE_LINE_OF_CODE":"30"}}
{"ts":1760198691074,"action":"FILE_CLOSED","file":"/src/main/java/es/upm/iwsim22_01/commands/commands/EchoCommandHandler.java","tags":{"FILE_LINE_OF_CODE":"30"}}
{"ts":1760198691074,"action":"FILE_OPENED","file":"/src/main/java/es/upm/iwsim22_01/App.java","tags":{"FILE_LINE_OF_CODE":"111"}}
{"ts":1760198722982,"action":"IDE_DEACTIVATED"}
{"ts":1760198731484,"action":"IDE_ACTIVATED"}
{"ts":1760198750745,"action":"FILE_CLOSED","file":"/src/main/java/es/upm/iwsim22_01/App.java","tags":{"FILE_LINE_OF_CODE":"111"}}
{"ts":1760198750745,"action":"FILE_OPENED","file":"/src/main/java/es/upm/iwsim22_01/models/Ticket.java","tags":{"FILE_LINE_OF_CODE":"163"}}
{"ts":1760198752789,"action":"IDE_DEACTIVATED"}
{"ts":1760198789740,"action":"IDE_ACTIVATED"}
{"ts":1760198797299,"action":"IDE_DEACTIVATED"}
{"ts":1760198845116,"action":"IDE_ACTIVATED"}
{"ts":1760198846188,"action":"IDE_DEACTIVATED"}
{"ts":1760198860659,"action":"IDE_ACTIVATED"}
{"ts":1760198873262,"action":"FILE_CLOSED","file":"/src/main/java/es/upm/iwsim22_01/models/Ticket.java","tags":{"FILE_LINE_OF_CODE":"163"}}
{"ts":1760198873262,"action":"FILE_OPENED","file":"/src/main/java/es/upm/iwsim22_01/App.java","tags":{"FILE_LINE_OF_CODE":"111"}}
{"ts":1760198877390,"action":"IDE_DEACTIVATED"}
{"ts":1760198999347,"action":"IDE_ACTIVATED"}
{"ts":1760199011785,"action":"IDE_DEACTIVATED"}
{"ts":1760199336054,"action":"IDE_ACTIVATED"}
{"ts":1760199337755,"action":"FILE_CLOSED","file":"/src/main/java/es/upm/iwsim22_01/App.java","tags":{"FILE_LINE_OF_CODE":"111"}}
{"ts":1760199337755,"action":"FILE_OPENED","file":"/src/main/java/es/upm/iwsim22_01/models/Ticket.java","tags":{"FILE_LINE_OF_CODE":"163"}}
{"ts":1760199343723,"action":"FILE_CLOSED","file":"/src/main/java/es/upm/iwsim22_01/models/Ticket.java","tags":{"FILE_LINE_OF_CODE":"163"}}
{"ts":1760199343723,"action":"FILE_OPENED","file":"/src/main/java/es/upm/iwsim22_01/App.java","tags":{"FILE_LINE_OF_CODE":"111"}}
{"ts":1760199345320,"action":"FILE_CLOSED","file":"/src/main/java/es/upm/iwsim22_01/App.java","tags":{"FILE_LINE_OF_CODE":"111"}}
{"ts":1760199345320,"action":"FILE_OPENED","file":"/src/main/java/es/upm/iwsim22_01/commands/commands/EchoCommandHandler.java","tags":{"FILE_LINE_OF_CODE":"30"}}
{"ts":1760199348380,"action":"FILE_CLOSED","file":"/src/main/java/es/upm/iwsim22_01/commands/commands/EchoCommandHandler.java","tags":{"FILE_LINE_OF_CODE":"30"}}
{"ts":1760199348380,"action":"FILE_OPENED","file":"/src/main/java/es/upm/iwsim22_01/App.java","tags":{"FILE_LINE_OF_CODE":"111"}}
{"ts":1760199354046,"action":"FILE_CLOSED","file":"/src/main/java/es/upm/iwsim22_01/App.java","tags":{"FILE_LINE_OF_CODE":"111"}}
{"ts":1760199354046,"action":"FILE_OPENED","file":"/src/main/java/es/upm/iwsim22_01/models/Ticket.java","tags":{"FILE_LINE_OF_CODE":"163"}}
{"ts":1760199362024,"action":"IDE_DEACTIVATED"}
{"ts":1760199387325,"action":"IDE_ACTIVATED"}
{"ts":1760199387691,"action":"FILE_CLOSED","file":"/src/main/java/es/upm/iwsim22_01/models/Ticket.java","tags":{"FILE_LINE_OF_CODE":"162"}}
{"ts":1760199387691,"action":"FILE_OPENED","file":"/src/main/java/es/upm/iwsim22_01/App.java","tags":{"FILE_LINE_OF_CODE":"111"}}
{"ts":1760199391655,"action":"IDE_DEACTIVATED"}
{"ts":1760199411262,"action":"IDE_ACTIVATED"}
{"ts":1760199418703,"action":"IDE_DEACTIVATED"}
{"ts":1760199551054,"action":"IDE_ACTIVATED"}
{"ts":1760199551321,"action":"FILE_CLOSED","file":"/src/main/java/es/upm/iwsim22_01/App.java","tags":{"FILE_LINE_OF_CODE":"111"}}
{"ts":1760199551321,"action":"FILE_OPENED","file":"/src/main/java/es/upm/iwsim22_01/models/Ticket.java","tags":{"FILE_LINE_OF_CODE":"162"}}
{"ts":1760199585094,"action":"IDE_DEACTIVATED"}
{"ts":1760200107954,"action":"IDE_ACTIVATED"}
{"ts":1760200135949,"action":"IDE_DEACTIVATED"}
{"ts":1760200148387,"action":"IDE_ACTIVATED"}
{"ts":1760200150991,"action":"IDE_DEACTIVATED"}
{"ts":1760200172554,"action":"IDE_ACTIVATED"}
{"ts":1760200180057,"action":"IDE_DEACTIVATED"}
{"ts":1760200188559,"action":"IDE_ACTIVATED"}
{"ts":1760200188729,"action":"FILE_CLOSED","file":"/src/main/java/es/upm/iwsim22_01/models/Ticket.java","tags":{"FILE_LINE_OF_CODE":"164"}}
{"ts":1760200188729,"action":"FILE_OPENED","file":"/src/main/java/es/upm/iwsim22_01/commands/commands/TicketCommandHandler.java","tags":{"FILE_LINE_OF_CODE":"150"}}
{"ts":1760200193033,"action":"IDE_DEACTIVATED"}
{"ts":1760200199352,"action":"IDE_ACTIVATED"}
{"ts":1760200199581,"action":"FILE_CLOSED","file":"/src/main/java/es/upm/iwsim22_01/commands/commands/TicketCommandHandler.java","tags":{"FILE_LINE_OF_CODE":"150"}}
{"ts":1760200199581,"action":"FILE_OPENED","file":"/src/main/java/es/upm/iwsim22_01/models/Ticket.java","tags":{"FILE_LINE_OF_CODE":"164"}}
{"ts":1760200206336,"action":"IDE_DEACTIVATED"}
{"ts":1760200319695,"action":"IDE_ACTIVATED"}
{"ts":1760200516657,"action":"IDE_DEACTIVATED"}
{"ts":1760200531557,"action":"IDE_ACTIVATED"}
{"ts":1760200598474,"action":"IDE_DEACTIVATED"}
{"ts":1760226269168,"action":"IDE_ACTIVATED"}
{"ts":1760226524425,"action":"FILE_CLOSED","file":"/src/main/java/es/upm/iwsim22_01/models/Ticket.java","tags":{"FILE_LINE_OF_CODE":"200"}}
{"ts":1760226524425,"action":"FILE_OPENED","file":"/src/main/java/es/upm/iwsim22_01/commands/commands/ExitCommandHandler.java","tags":{"FILE_LINE_OF_CODE":"28"}}
{"ts":1760226527347,"action":"FILE_CLOSED","file":"/src/main/java/es/upm/iwsim22_01/commands/commands/ExitCommandHandler.java","tags":{"FILE_LINE_OF_CODE":"28"}}
{"ts":1760226527347,"action":"FILE_OPENED","file":"/src/main/java/es/upm/iwsim22_01/App.java","tags":{"FILE_LINE_OF_CODE":"111"}}
{"ts":1760226629897,"action":"FILE_CLOSED","file":"/src/main/java/es/upm/iwsim22_01/App.java","tags":{"FILE_LINE_OF_CODE":"111"}}
{"ts":1760226629897,"action":"FILE_OPENED","file":"/src/main/java/es/upm/iwsim22_01/models/Ticket.java","tags":{"FILE_LINE_OF_CODE":"200"}}
{"ts":1760226662079,"action":"FILE_CLOSED","file":"/src/main/java/es/upm/iwsim22_01/models/Ticket.java","tags":{"FILE_LINE_OF_CODE":"199"}}
{"ts":1760226662079,"action":"FILE_OPENED","file":"/src/main/java/es/upm/iwsim22_01/App.java","tags":{"FILE_LINE_OF_CODE":"111"}}
{"ts":1760226673151,"action":"IDE_DEACTIVATED"}
{"ts":1760226684486,"action":"IDE_ACTIVATED"}
{"ts":1760226727936,"action":"IDE_DEACTIVATED"}
{"ts":1760226760659,"action":"IDE_ACTIVATED"}
{"ts":1760226779093,"action":"IDE_DEACTIVATED"}
{"ts":1760226814292,"action":"IDE_ACTIVATED"}
{"ts":1760226836777,"action":"IDE_DEACTIVATED"}
{"ts":1760226839820,"action":"IDE_ACTIVATED"}
{"ts":1760226847916,"action":"IDE_DEACTIVATED"}
{"ts":1760226849426,"action":"IDE_ACTIVATED"}
{"ts":1760226855227,"action":"IDE_DEACTIVATED"}
{"ts":1760226857938,"action":"IDE_ACTIVATED"}
{"ts":1760226861068,"action":"IDE_DEACTIVATED"}
{"ts":1760226863425,"action":"IDE_ACTIVATED"}
{"ts":1760226867691,"action":"IDE_DEACTIVATED"}
{"ts":1760226870792,"action":"IDE_ACTIVATED"}
{"ts":1760226890811,"action":"IDE_DEACTIVATED"}
{"ts":1760226896128,"action":"IDE_ACTIVATED"}
{"ts":1760226903667,"action":"IDE_DEACTIVATED"}
{"ts":1760226911282,"action":"IDE_ACTIVATED"}
{"ts":1760226913882,"action":"IDE_DEACTIVATED"}
{"ts":1760226915736,"action":"IDE_ACTIVATED"}
{"ts":1760226938074,"action":"IDE_DEACTIVATED"}
{"ts":1760226945374,"action":"IDE_ACTIVATED"}
{"ts":1760226949954,"action":"IDE_DEACTIVATED"}
{"ts":1760226954065,"action":"IDE_ACTIVATED"}
{"ts":1760226965662,"action":"IDE_DEACTIVATED"}
{"ts":1760226967854,"action":"IDE_ACTIVATED"}
{"ts":1760227000878,"action":"IDE_DEACTIVATED"}
{"ts":1760227001709,"action":"IDE_ACTIVATED"}
{"ts":1760227013262,"action":"IDE_DEACTIVATED"}
{"ts":1760227019718,"action":"IDE_ACTIVATED"}
{"ts":1760227029694,"action":"IDE_DEACTIVATED"}
{"ts":1760227036175,"action":"IDE_ACTIVATED"}
{"ts":1760227054105,"action":"IDE_DEACTIVATED"}
{"ts":1760227055741,"action":"IDE_ACTIVATED"}
{"ts":1760227062631,"action":"IDE_DEACTIVATED"}
{"ts":1760227066422,"action":"IDE_ACTIVATED"}
{"ts":1760227082759,"action":"IDE_DEACTIVATED"}
{"ts":1760227084452,"action":"IDE_ACTIVATED"}
{"ts":1760227087894,"action":"IDE_DEACTIVATED"}
{"ts":1760227091108,"action":"IDE_ACTIVATED"}
{"ts":1760227107862,"action":"IDE_DEACTIVATED"}
{"ts":1760227151397,"action":"IDE_ACTIVATED"}
{"ts":1760227229600,"action":"FILE_CLOSED","file":"/src/main/java/es/upm/iwsim22_01/App.java","tags":{"FILE_LINE_OF_CODE":"111"}}
{"ts":1760227229658,"action":"FILE_OPENED","file":"/src/main/java/es/upm/iwsim22_01/manager/TicketManager.java","tags":{"FILE_LINE_OF_CODE":"5"}}
{"ts":1760227233723,"action":"FILE_CLOSED","file":"/src/main/java/es/upm/iwsim22_01/manager/TicketManager.java","tags":{"FILE_LINE_OF_CODE":"5"}}
{"ts":1760227233723,"action":"FILE_OPENED","file":"/src/main/java/es/upm/iwsim22_01/App.java","tags":{"FILE_LINE_OF_CODE":"111"}}
{"ts":1760227243010,"action":"FILE_CLOSED","file":"/src/main/java/es/upm/iwsim22_01/App.java","tags":{"FILE_LINE_OF_CODE":"86"}}
{"ts":1760227243010,"action":"FILE_OPENED","file":"/src/main/java/es/upm/iwsim22_01/manager/TicketManager.java","tags":{"FILE_LINE_OF_CODE":"5"}}
{"ts":1760227252890,"action":"FILE_CLOSED","file":"/src/main/java/es/upm/iwsim22_01/manager/TicketManager.java","tags":{"FILE_LINE_OF_CODE":"31"}}
{"ts":1760227252890,"action":"FILE_OPENED","file":"/src/main/java/es/upm/iwsim22_01/App.java","tags":{"FILE_LINE_OF_CODE":"86"}}
{"ts":1760227258628,"action":"FILE_CLOSED","file":"/src/main/java/es/upm/iwsim22_01/App.java","tags":{"FILE_LINE_OF_CODE":"85"}}
{"ts":1760227258628,"action":"FILE_OPENED","file":"/src/main/java/es/upm/iwsim22_01/manager/TicketManager.java","tags":{"FILE_LINE_OF_CODE":"31"}}
{"ts":1760227268384,"action":"IDE_DEACTIVATED"}
{"ts":1760227273729,"action":"IDE_ACTIVATED"}
{"ts":1760227289299,"action":"IDE_DEACTIVATED"}
{"ts":1760227292705,"action":"IDE_ACTIVATED"}
{"ts":1760227312721,"action":"FILE_CLOSED","file":"/src/main/java/es/upm/iwsim22_01/manager/TicketManager.java","tags":{"FILE_LINE_OF_CODE":"43"}}
{"ts":1760227312721,"action":"FILE_OPENED","file":"/src/main/java/es/upm/iwsim22_01/models/Ticket.java","tags":{"FILE_LINE_OF_CODE":"199"}}
{"ts":1760227314074,"action":"FILE_CLOSED","file":"/src/main/java/es/upm/iwsim22_01/models/Ticket.java","tags":{"FILE_LINE_OF_CODE":"199"}}
{"ts":1760227314074,"action":"FILE_OPENED","file":"/src/main/java/es/upm/iwsim22_01/App.java","tags":{"FILE_LINE_OF_CODE":"85"}}
{"ts":1760227316647,"action":"FILE_CLOSED","file":"/src/main/java/es/upm/iwsim22_01/App.java","tags":{"FILE_LINE_OF_CODE":"85"}}
{"ts":1760227316647,"action":"FILE_OPENED","file":"/src/main/java/es/upm/iwsim22_01/commands/commands/TicketCommandHandler.java","tags":{"FILE_LINE_OF_CODE":"150"}}
{"ts":1760227366698,"action":"FILE_CLOSED","file":"/src/main/java/es/upm/iwsim22_01/commands/commands/TicketCommandHandler.java","tags":{"FILE_LINE_OF_CODE":"151"}}
{"ts":1760227366698,"action":"FILE_OPENED","file":"/src/main/java/es/upm/iwsim22_01/App.java","tags":{"FILE_LINE_OF_CODE":"85"}}
{"ts":1760227382305,"action":"FILE_CLOSED","file":"/src/main/java/es/upm/iwsim22_01/App.java","tags":{"FILE_LINE_OF_CODE":"85"}}
{"ts":1760227382305,"action":"FILE_OPENED","file":"/src/main/java/es/upm/iwsim22_01/manager/ProductManager.java","tags":{"FILE_LINE_OF_CODE":"93"}}
{"ts":1760227390632,"action":"FILE_CLOSED","file":"/src/main/java/es/upm/iwsim22_01/manager/ProductManager.java","tags":{"FILE_LINE_OF_CODE":"93"}}
{"ts":1760227390632,"action":"FILE_OPENED","file":"/src/main/java/es/upm/iwsim22_01/manager/TicketManager.java","tags":{"FILE_LINE_OF_CODE":"43"}}
{"ts":1760227400190,"action":"FILE_CLOSED","file":"/src/main/java/es/upm/iwsim22_01/manager/TicketManager.java","tags":{"FILE_LINE_OF_CODE":"43"}}
{"ts":1760227400190,"action":"FILE_OPENED","file":"/src/main/java/es/upm/iwsim22_01/manager/ProductManager.java","tags":{"FILE_LINE_OF_CODE":"93"}}
{"ts":1760227412582,"action":"FILE_CLOSED","file":"/src/main/java/es/upm/iwsim22_01/manager/ProductManager.java","tags":{"FILE_LINE_OF_CODE":"93"}}
{"ts":1760227412582,"action":"FILE_OPENED","file":"/src/main/java/es/upm/iwsim22_01/manager/TicketManager.java","tags":{"FILE_LINE_OF_CODE":"43"}}
{"ts":1760227415974,"action":"IDE_DEACTIVATED"}
{"ts":1760227441554,"action":"IDE_ACTIVATED"}
{"ts":1760227443136,"action":"IDE_DEACTIVATED"}
{"ts":1760227465493,"action":"IDE_ACTIVATED"}
{"ts":1760227468768,"action":"FILE_CLOSED","file":"/src/main/java/es/upm/iwsim22_01/manager/TicketManager.java","tags":{"FILE_LINE_OF_CODE":"65"}}
{"ts":1760227468768,"action":"FILE_OPENED","file":"/src/main/java/es/upm/iwsim22_01/manager/ProductManager.java","tags":{"FILE_LINE_OF_CODE":"93"}}
{"ts":1760227474151,"action":"FILE_CLOSED","file":"/src/main/java/es/upm/iwsim22_01/manager/ProductManager.java","tags":{"FILE_LINE_OF_CODE":"93"}}
{"ts":1760227474151,"action":"FILE_OPENED","file":"/src/main/java/es/upm/iwsim22_01/manager/TicketManager.java","tags":{"FILE_LINE_OF_CODE":"65"}}
{"ts":1760227478870,"action":"FILE_CLOSED","file":"/src/main/java/es/upm/iwsim22_01/manager/TicketManager.java","tags":{"FILE_LINE_OF_CODE":"65"}}
{"ts":1760227478870,"action":"FILE_OPENED","file":"/src/main/java/es/upm/iwsim22_01/manager/ProductManager.java","tags":{"FILE_LINE_OF_CODE":"93"}}
{"ts":1760227490253,"action":"FILE_CLOSED","file":"/src/main/java/es/upm/iwsim22_01/manager/ProductManager.java","tags":{"FILE_LINE_OF_CODE":"93"}}
{"ts":1760227490253,"action":"FILE_OPENED","file":"/src/main/java/es/upm/iwsim22_01/manager/TicketManager.java","tags":{"FILE_LINE_OF_CODE":"65"}}
{"ts":1760227513869,"action":"FILE_CLOSED","file":"/src/main/java/es/upm/iwsim22_01/manager/TicketManager.java","tags":{"FILE_LINE_OF_CODE":"61"}}
{"ts":1760227513869,"action":"FILE_OPENED","file":"/src/main/java/es/upm/iwsim22_01/manager/ProductManager.java","tags":{"FILE_LINE_OF_CODE":"93"}}
{"ts":1760227515966,"action":"FILE_CLOSED","file":"/src/main/java/es/upm/iwsim22_01/manager/ProductManager.java","tags":{"FILE_LINE_OF_CODE":"93"}}
{"ts":1760227515966,"action":"FILE_OPENED","file":"/src/main/java/es/upm/iwsim22_01/manager/TicketManager.java","tags":{"FILE_LINE_OF_CODE":"61"}}
{"ts":1760227522646,"action":"FILE_CLOSED","file":"/src/main/java/es/upm/iwsim22_01/manager/TicketManager.java","tags":{"FILE_LINE_OF_CODE":"61"}}
{"ts":1760227522646,"action":"FILE_OPENED","file":"/src/main/java/es/upm/iwsim22_01/manager/ProductManager.java","tags":{"FILE_LINE_OF_CODE":"93"}}
{"ts":1760227524853,"action":"FILE_CLOSED","file":"/src/main/java/es/upm/iwsim22_01/manager/ProductManager.java","tags":{"FILE_LINE_OF_CODE":"93"}}
{"ts":1760227524853,"action":"FILE_OPENED","file":"/src/main/java/es/upm/iwsim22_01/commands/commands/TicketCommandHandler.java","tags":{"FILE_LINE_OF_CODE":"151"}}
{"ts":1760227574894,"action":"IDE_DEACTIVATED"}
{"ts":1760227593098,"action":"IDE_ACTIVATED"}
{"ts":1760227595143,"action":"IDE_DEACTIVATED"}
{"ts":1760228153324,"action":"IDE_ACTIVATED"}
{"ts":1760228156996,"action":"IDE_DEACTIVATED"}
{"ts":1760228181595,"action":"IDE_ACTIVATED"}
{"ts":1760228186745,"action":"FILE_CLOSED","file":"/src/main/java/es/upm/iwsim22_01/commands/commands/TicketCommandHandler.java","tags":{"FILE_LINE_OF_CODE":"150"}}
{"ts":1760228186745,"action":"FILE_OPENED","file":"/src/main/java/es/upm/iwsim22_01/App.java","tags":{"FILE_LINE_OF_CODE":"111"}}
{"ts":1760228192789,"action":"IDE_DEACTIVATED"}
{"ts":1760260023048,"action":"FILE_OPENED","file":"/src/main/java/es/upm/iwsim22_01/commands/commands/TicketCommandHandler.java","tags":{"FILE_LINE_OF_CODE":"150"}}
{"ts":1760260027051,"action":"PROJECT_OPENED","tags":{"PROJECT_NAME":"upm-shop"}}
{"ts":1760261146726,"action":"PROJECT_CLOSED","tags":{"PROJECT_NAME":"upm-shop"}}
{"ts":1760273016516,"action":"FILE_OPENED","file":"/src/main/java/es/upm/iwsim22_01/commands/commands/TicketCommandHandler.java","tags":{"FILE_LINE_OF_CODE":"150"}}
{"ts":1760273016583,"action":"PROJECT_OPENED","tags":{"PROJECT_NAME":"upm-shop"}}
{"ts":1760273029861,"action":"IDE_DEACTIVATED"}
{"ts":1760273040028,"action":"IDE_ACTIVATED"}
{"ts":1760273040285,"action":"FILE_CLOSED","file":"/src/main/java/es/upm/iwsim22_01/commands/commands/TicketCommandHandler.java","tags":{"FILE_LINE_OF_CODE":"150"}}
{"ts":1760273040285,"action":"FILE_OPENED","file":"/src/main/java/es/upm/iwsim22_01/commands/commands/CommandHandler.java","tags":{"FILE_LINE_OF_CODE":"25"}}
{"ts":1760273043328,"action":"IDE_DEACTIVATED"}
{"ts":1760273044761,"action":"IDE_ACTIVATED"}
{"ts":1760273044996,"action":"FILE_CLOSED","file":"/src/main/java/es/upm/iwsim22_01/commands/commands/CommandHandler.java","tags":{"FILE_LINE_OF_CODE":"25"}}
{"ts":1760273044996,"action":"FILE_OPENED","file":"/src/main/java/es/upm/iwsim22_01/commands/commands/EchoCommandHandler.java","tags":{"FILE_LINE_OF_CODE":"30"}}
{"ts":1760273047232,"action":"IDE_DEACTIVATED"}
{"ts":1760273052096,"action":"IDE_ACTIVATED"}
{"ts":1760273052317,"action":"FILE_CLOSED","file":"/src/main/java/es/upm/iwsim22_01/commands/commands/EchoCommandHandler.java","tags":{"FILE_LINE_OF_CODE":"30"}}
{"ts":1760273052317,"action":"FILE_OPENED","file":"/src/main/java/es/upm/iwsim22_01/commands/CommandDispatcher.java","tags":{"FILE_LINE_OF_CODE":"100"}}
{"ts":1760273054227,"action":"IDE_DEACTIVATED"}
{"ts":1760273055874,"action":"IDE_ACTIVATED"}
{"ts":1760273056109,"action":"FILE_CLOSED","file":"/src/main/java/es/upm/iwsim22_01/commands/CommandDispatcher.java","tags":{"FILE_LINE_OF_CODE":"100"}}
{"ts":1760273056109,"action":"FILE_OPENED","file":"/src/main/java/es/upm/iwsim22_01/commands/CommandStatus.java","tags":{"FILE_LINE_OF_CODE":"52"}}
{"ts":1760273057770,"action":"IDE_DEACTIVATED"}
{"ts":1760273064065,"action":"IDE_ACTIVATED"}
{"ts":1760273064301,"action":"FILE_CLOSED","file":"/src/main/java/es/upm/iwsim22_01/commands/CommandStatus.java","tags":{"FILE_LINE_OF_CODE":"52"}}
{"ts":1760273064301,"action":"FILE_OPENED","file":"/src/main/java/es/upm/iwsim22_01/App.java","tags":{"FILE_LINE_OF_CODE":"111"}}
{"ts":1760273066651,"action":"IDE_DEACTIVATED"}
{"ts":1760273333483,"action":"IDE_ACTIVATED"}
{"ts":1760273335336,"action":"FILE_CLOSED","file":"/src/main/java/es/upm/iwsim22_01/App.java","tags":{"FILE_LINE_OF_CODE":"111"}}
{"ts":1760273335336,"action":"FILE_OPENED","file":"/src/main/java/es/upm/iwsim22_01/manager/ProductManager.java","tags":{"FILE_LINE_OF_CODE":"93"}}
{"ts":1760273346923,"action":"IDE_DEACTIVATED"}
{"ts":1760273431129,"action":"IDE_ACTIVATED"}
{"ts":1760273431503,"action":"FILE_CLOSED","file":"/src/main/java/es/upm/iwsim22_01/manager/ProductManager.java","tags":{"FILE_LINE_OF_CODE":"93"}}
{"ts":1760273431503,"action":"FILE_OPENED","file":"/src/main/java/es/upm/iwsim22_01/models/Category.java","tags":{"FILE_LINE_OF_CODE":"32"}}
{"ts":1760273441697,"action":"IDE_DEACTIVATED"}
{"ts":1760273455680,"action":"IDE_ACTIVATED"}
{"ts":1760273455979,"action":"FILE_CLOSED","file":"/src/main/java/es/upm/iwsim22_01/models/Category.java","tags":{"FILE_LINE_OF_CODE":"32"}}
{"ts":1760273455979,"action":"FILE_OPENED","file":"/src/main/java/es/upm/iwsim22_01/manager/ProductManager.java","tags":{"FILE_LINE_OF_CODE":"93"}}
{"ts":1760273461038,"action":"IDE_DEACTIVATED"}
{"ts":1760273461125,"action":"IDE_ACTIVATED"}
{"ts":1760273462607,"action":"IDE_DEACTIVATED"}
{"ts":1760277847038,"action":"IDE_ACTIVATED"}
{"ts":1760277850547,"action":"IDE_DEACTIVATED"}
{"ts":1760277871248,"action":"IDE_ACTIVATED"}
{"ts":1760277876088,"action":"IDE_DEACTIVATED"}
{"ts":1760278016240,"action":"IDE_ACTIVATED"}
{"ts":1760278023668,"action":"FILE_CLOSED","file":"/src/main/java/es/upm/iwsim22_01/manager/ProductManager.java","tags":{"FILE_LINE_OF_CODE":"93"}}
{"ts":1760278031222,"action":"FILE_OPENED","file":"/input.txt","tags":{"FILE_LINE_OF_CODE":"29"}}
{"ts":1760278040637,"action":"FILE_CLOSED","file":"/input.txt","tags":{"FILE_LINE_OF_CODE":"29"}}
{"ts":1760278040637,"action":"FILE_OPENED","file":"/src/main/java/es/upm/iwsim22_01/App.java","tags":{"FILE_LINE_OF_CODE":"111"}}
{"ts":1760278089651,"action":"IDE_DEACTIVATED"}
{"ts":1760278094652,"action":"IDE_ACTIVATED"}
{"ts":1760278144486,"action":"FILE_CLOSED","file":"/src/main/java/es/upm/iwsim22_01/App.java","tags":{"FILE_LINE_OF_CODE":"111"}}
{"ts":1760278144501,"action":"FILE_OPENED","file":"/src/main/java/es/upm/iwsim22_01/App.java","tags":{"FILE_LINE_OF_CODE":"111"}}
{"ts":1760278145990,"action":"FILE_CLOSED","file":"/src/main/java/es/upm/iwsim22_01/App.java","tags":{"FILE_LINE_OF_CODE":"111"}}
{"ts":1760278146003,"action":"FILE_OPENED","file":"/src/main/java/es/upm/iwsim22_01/App.java","tags":{"FILE_LINE_OF_CODE":"111"}}
{"ts":1760278156603,"action":"FILE_CLOSED","file":"/src/main/java/es/upm/iwsim22_01/App.java","tags":{"FILE_LINE_OF_CODE":"111"}}
{"ts":1760278156631,"action":"FILE_OPENED","file":"/pom.xml","tags":{"FILE_LINE_OF_CODE":"91"}}
{"ts":1760278175184,"action":"IDE_DEACTIVATED"}
{"ts":1760278191258,"action":"IDE_ACTIVATED"}
{"ts":1760278194457,"action":"IDE_DEACTIVATED"}
{"ts":1760278488652,"action":"IDE_ACTIVATED"}
{"ts":1760278490836,"action":"IDE_DEACTIVATED"}
{"ts":1760278705471,"action":"IDE_ACTIVATED"}
{"ts":1760278707888,"action":"IDE_DEACTIVATED"}
{"ts":1760278908717,"action":"IDE_ACTIVATED"}
{"ts":1760278910689,"action":"FILE_CLOSED","file":"/pom.xml","tags":{"FILE_LINE_OF_CODE":"91"}}
{"ts":1760278910689,"action":"FILE_OPENED","file":"/src/main/java/es/upm/iwsim22_01/App.java","tags":{"FILE_LINE_OF_CODE":"111"}}
{"ts":1760278916042,"action":"IDE_DEACTIVATED"}
{"ts":1760279915913,"action":"IDE_ACTIVATED"}
{"ts":1760279923758,"action":"IDE_DEACTIVATED"}
{"ts":1760279925528,"action":"IDE_ACTIVATED"}
{"ts":1760279943473,"action":"IDE_DEACTIVATED"}
{"ts":1760279950031,"action":"IDE_ACTIVATED"}
{"ts":1760279964249,"action":"IDE_DEACTIVATED"}
{"ts":1760279990727,"action":"IDE_ACTIVATED"}
{"ts":1760279995436,"action":"IDE_DEACTIVATED"}
{"ts":1760279995718,"action":"IDE_ACTIVATED"}
{"ts":1760279995794,"action":"IDE_DEACTIVATED"}
{"ts":1760279996309,"action":"IDE_ACTIVATED"}
{"ts":1760280002363,"action":"FILE_CLOSED","file":"/src/main/java/es/upm/iwsim22_01/App.java","tags":{"FILE_LINE_OF_CODE":"111"}}
{"ts":1760280002378,"action":"FILE_OPENED","file":"/src/main/java/es/upm/iwsim22_01/App.java","tags":{"FILE_LINE_OF_CODE":"111"}}
{"ts":1760280011396,"action":"IDE_DEACTIVATED"}
{"ts":1760280487655,"action":"IDE_ACTIVATED"}
{"ts":1760280501823,"action":"IDE_DEACTIVATED"}
{"ts":1760280507251,"action":"IDE_ACTIVATED"}
{"ts":1760280512088,"action":"PROJECT_CLOSED","tags":{"PROJECT_NAME":"upm-shop"}}
{"ts":1760280550884,"action":"FILE_OPENED","file":"/src/main/java/es/upm/iwsim22_01/App.java","tags":{"FILE_LINE_OF_CODE":"111"}}
{"ts":1760280551017,"action":"PROJECT_OPENED","tags":{"PROJECT_NAME":"upm-shop"}}
{"ts":1760280553001,"action":"PROJECT_CLOSED","tags":{"PROJECT_NAME":"upm-shop"}}
{"ts":1760304147639,"action":"FILE_OPENED","file":"/src/main/java/es/upm/iwsim22_01/App.java","tags":{"FILE_LINE_OF_CODE":"111"}}
{"ts":1760304148555,"action":"PROJECT_OPENED","tags":{"PROJECT_NAME":"upm-shop"}}
{"ts":1760304161807,"action":"PROJECT_CLOSED","tags":{"PROJECT_NAME":"upm-shop"}}
{"ts":1760451294766,"action":"FILE_OPENED","file":"/src/main/java/es/upm/iwsim22_01/App.java","tags":{"FILE_LINE_OF_CODE":"111"}}
{"ts":1760451294927,"action":"PROJECT_OPENED","tags":{"PROJECT_NAME":"upm-shop"}}
{"ts":1760451299515,"action":"IDE_DEACTIVATED"}
{"ts":1760451384588,"action":"IDE_ACTIVATED"}
{"ts":1760451416706,"action":"PROJECT_CLOSED","tags":{"PROJECT_NAME":"upm-shop"}}
{"ts":1760991288739,"action":"FILE_OPENED","file":"/src/main/java/es/upm/iwsim22_01/App.java","tags":{"FILE_LINE_OF_CODE":"77"}}
{"ts":1760991289389,"action":"PROJECT_OPENED","tags":{"PROJECT_NAME":"upm-shop"}}
{"ts":1760991302964,"action":"IDE_DEACTIVATED"}
{"ts":1760991314609,"action":"IDE_ACTIVATED"}
{"ts":1760991330226,"action":"FILE_CLOSED","file":"/src/main/java/es/upm/iwsim22_01/App.java","tags":{"FILE_LINE_OF_CODE":"77"}}
{"ts":1760991330226,"action":"FILE_OPENED","file":"/src/main/java/es/upm/iwsim22_01/commands/commands/EchoCommandHandler.java","tags":{"FILE_LINE_OF_CODE":"16"}}
{"ts":1760991332400,"action":"FILE_CLOSED","file":"/src/main/java/es/upm/iwsim22_01/commands/commands/EchoCommandHandler.java","tags":{"FILE_LINE_OF_CODE":"16"}}
{"ts":1760991332400,"action":"FILE_OPENED","file":"/src/main/java/es/upm/iwsim22_01/App.java","tags":{"FILE_LINE_OF_CODE":"77"}}
{"ts":1760991436362,"action":"IDE_DEACTIVATED"}
{"ts":1760991518023,"action":"IDE_ACTIVATED"}
{"ts":1760991547684,"action":"IDE_DEACTIVATED"}
{"ts":1760991559097,"action":"IDE_ACTIVATED"}
{"ts":1760991559322,"action":"FILE_CLOSED","file":"/src/main/java/es/upm/iwsim22_01/App.java","tags":{"FILE_LINE_OF_CODE":"72"}}
{"ts":1760991559322,"action":"FILE_OPENED","file":"/src/main/java/es/upm/iwsim22_01/commands/commands/CommandHandler.java","tags":{"FILE_LINE_OF_CODE":"9"}}
{"ts":1760991561156,"action":"IDE_DEACTIVATED"}
{"ts":1760991563150,"action":"IDE_ACTIVATED"}
{"ts":1760991568903,"action":"IDE_DEACTIVATED"}
{"ts":1760991574929,"action":"IDE_ACTIVATED"}
{"ts":1760991575275,"action":"FILE_CLOSED","file":"/src/main/java/es/upm/iwsim22_01/commands/commands/CommandHandler.java","tags":{"FILE_LINE_OF_CODE":"9"}}
{"ts":1760991575275,"action":"FILE_OPENED","file":"/src/main/java/es/upm/iwsim22_01/commands/commands/EchoCommandHandler.java","tags":{"FILE_LINE_OF_CODE":"16"}}
{"ts":1760991577341,"action":"IDE_DEACTIVATED"}
{"ts":1760991578602,"action":"IDE_ACTIVATED"}
{"ts":1760991578835,"action":"FILE_CLOSED","file":"/src/main/java/es/upm/iwsim22_01/commands/commands/EchoCommandHandler.java","tags":{"FILE_LINE_OF_CODE":"16"}}
{"ts":1760991578835,"action":"FILE_OPENED","file":"/src/main/java/es/upm/iwsim22_01/commands/commands/ExitCommandHandler.java","tags":{"FILE_LINE_OF_CODE":"14"}}
{"ts":1760991580367,"action":"IDE_DEACTIVATED"}
{"ts":1760991581396,"action":"IDE_ACTIVATED"}
{"ts":1760991581743,"action":"FILE_CLOSED","file":"/src/main/java/es/upm/iwsim22_01/commands/commands/ExitCommandHandler.java","tags":{"FILE_LINE_OF_CODE":"14"}}
{"ts":1760991581743,"action":"FILE_OPENED","file":"/src/main/java/es/upm/iwsim22_01/commands/commands/HelpCommandHandler.java","tags":{"FILE_LINE_OF_CODE":"45"}}
{"ts":1760991583818,"action":"IDE_DEACTIVATED"}
{"ts":1760991584994,"action":"IDE_ACTIVATED"}
{"ts":1760991585229,"action":"FILE_CLOSED","file":"/src/main/java/es/upm/iwsim22_01/commands/commands/HelpCommandHandler.java","tags":{"FILE_LINE_OF_CODE":"45"}}
{"ts":1760991585230,"action":"FILE_OPENED","file":"/src/main/java/es/upm/iwsim22_01/commands/commands/ProdCommandHandler.java","tags":{"FILE_LINE_OF_CODE":"204"}}
{"ts":1760991587536,"action":"IDE_DEACTIVATED"}
{"ts":1760991588760,"action":"IDE_ACTIVATED"}
{"ts":1760991588972,"action":"FILE_CLOSED","file":"/src/main/java/es/upm/iwsim22_01/commands/commands/ProdCommandHandler.java","tags":{"FILE_LINE_OF_CODE":"204"}}
{"ts":1760991588972,"action":"FILE_OPENED","file":"/src/main/java/es/upm/iwsim22_01/commands/commands/TicketCommandHandler.java","tags":{"FILE_LINE_OF_CODE":"119"}}
{"ts":1760991591521,"action":"IDE_DEACTIVATED"}
{"ts":1760991592560,"action":"IDE_ACTIVATED"}
{"ts":1760991592795,"action":"FILE_CLOSED","file":"/src/main/java/es/upm/iwsim22_01/commands/commands/TicketCommandHandler.java","tags":{"FILE_LINE_OF_CODE":"119"}}
{"ts":1760991592795,"action":"FILE_OPENED","file":"/src/main/java/es/upm/iwsim22_01/commands/CommandDispatcher.java","tags":{"FILE_LINE_OF_CODE":"55"}}
{"ts":1760991596044,"action":"IDE_DEACTIVATED"}
{"ts":1760991599867,"action":"IDE_ACTIVATED"}
{"ts":1760991600088,"action":"FILE_CLOSED","file":"/src/main/java/es/upm/iwsim22_01/commands/CommandDispatcher.java","tags":{"FILE_LINE_OF_CODE":"55"}}
{"ts":1760991600088,"action":"FILE_OPENED","file":"/src/main/java/es/upm/iwsim22_01/commands/Converter.java","tags":{"FILE_LINE_OF_CODE":"34"}}
{"ts":1760991602064,"action":"IDE_DEACTIVATED"}
{"ts":1760991604766,"action":"IDE_ACTIVATED"}
{"ts":1760991605787,"action":"FILE_CLOSED","file":"/src/main/java/es/upm/iwsim22_01/commands/Converter.java","tags":{"FILE_LINE_OF_CODE":"34"}}
{"ts":1760991605787,"action":"FILE_OPENED","file":"/src/main/java/es/upm/iwsim22_01/manager/ProductManager.java","tags":{"FILE_LINE_OF_CODE":"50"}}
{"ts":1760991609089,"action":"IDE_DEACTIVATED"}
{"ts":1760991613913,"action":"IDE_ACTIVATED"}
{"ts":1760991615173,"action":"FILE_CLOSED","file":"/src/main/java/es/upm/iwsim22_01/manager/ProductManager.java","tags":{"FILE_LINE_OF_CODE":"50"}}
{"ts":1760991615173,"action":"FILE_OPENED","file":"/src/main/java/es/upm/iwsim22_01/models/Category.java","tags":{"FILE_LINE_OF_CODE":"20"}}
{"ts":1760991618933,"action":"IDE_DEACTIVATED"}
{"ts":1760991621695,"action":"IDE_ACTIVATED"}
{"ts":1760991621991,"action":"FILE_CLOSED","file":"/src/main/java/es/upm/iwsim22_01/models/Category.java","tags":{"FILE_LINE_OF_CODE":"20"}}
{"ts":1760991621991,"action":"FILE_OPENED","file":"/src/main/java/es/upm/iwsim22_01/models/Product.java","tags":{"FILE_LINE_OF_CODE":"149"}}
{"ts":1760991624162,"action":"IDE_DEACTIVATED"}
{"ts":1760991626407,"action":"IDE_ACTIVATED"}
{"ts":1760991626660,"action":"FILE_CLOSED","file":"/src/main/java/es/upm/iwsim22_01/models/Product.java","tags":{"FILE_LINE_OF_CODE":"149"}}
{"ts":1760991626660,"action":"FILE_OPENED","file":"/src/main/java/es/upm/iwsim22_01/models/Ticket.java","tags":{"FILE_LINE_OF_CODE":"124"}}
{"ts":1760991631836,"action":"IDE_DEACTIVATED"}
{"ts":1760991633432,"action":"IDE_ACTIVATED"}
{"ts":1760991633708,"action":"FILE_CLOSED","file":"/src/main/java/es/upm/iwsim22_01/models/Ticket.java","tags":{"FILE_LINE_OF_CODE":"124"}}
{"ts":1760991633708,"action":"FILE_OPENED","file":"/src/main/java/es/upm/iwsim22_01/App.java","tags":{"FILE_LINE_OF_CODE":"72"}}
{"ts":1760991638177,"action":"IDE_DEACTIVATED"}
{"ts":1760991690454,"action":"IDE_ACTIVATED"}
{"ts":1760991692127,"action":"IDE_DEACTIVATED"}
{"ts":1760991695002,"action":"IDE_ACTIVATED"}
{"ts":1760991695223,"action":"FILE_CLOSED","file":"/src/main/java/es/upm/iwsim22_01/App.java","tags":{"FILE_LINE_OF_CODE":"72"}}
{"ts":1760991695223,"action":"FILE_OPENED","file":"/src/main/java/es/upm/iwsim22_01/manager/ProductManager.java","tags":{"FILE_LINE_OF_CODE":"50"}}
{"ts":1760991697744,"action":"IDE_DEACTIVATED"}
{"ts":1760991700550,"action":"IDE_ACTIVATED"}
{"ts":1760991700844,"action":"FILE_CLOSED","file":"/src/main/java/es/upm/iwsim22_01/manager/ProductManager.java","tags":{"FILE_LINE_OF_CODE":"50"}}
{"ts":1760991700844,"action":"FILE_OPENED","file":"/src/main/java/es/upm/iwsim22_01/models/Product.java","tags":{"FILE_LINE_OF_CODE":"149"}}
{"ts":1760991707200,"action":"IDE_DEACTIVATED"}
{"ts":1760991906287,"action":"IDE_ACTIVATED"}
{"ts":1760991911979,"action":"IDE_DEACTIVATED"}
{"ts":1760992606512,"action":"IDE_ACTIVATED"}
{"ts":1760992607492,"action":"FILE_CLOSED","file":"/src/main/java/es/upm/iwsim22_01/models/Product.java","tags":{"FILE_LINE_OF_CODE":"149"}}
{"ts":1760992607492,"action":"FILE_OPENED","file":"/src/main/java/es/upm/iwsim22_01/commands/CommandDispatcher.java","tags":{"FILE_LINE_OF_CODE":"55"}}
{"ts":1760992611043,"action":"FILE_CLOSED","file":"/src/main/java/es/upm/iwsim22_01/commands/CommandDispatcher.java","tags":{"FILE_LINE_OF_CODE":"55"}}
{"ts":1760992611043,"action":"FILE_OPENED","file":"/src/main/java/es/upm/iwsim22_01/commands/Converter.java","tags":{"FILE_LINE_OF_CODE":"34"}}
{"ts":1760992612813,"action":"IDE_DEACTIVATED"}
{"ts":1760992810816,"action":"IDE_ACTIVATED"}
{"ts":1760992815889,"action":"FILE_CLOSED","file":"/src/main/java/es/upm/iwsim22_01/commands/Converter.java","tags":{"FILE_LINE_OF_CODE":"34"}}
{"ts":1760992815889,"action":"FILE_OPENED","file":"/src/main/java/es/upm/iwsim22_01/App.java","tags":{"FILE_LINE_OF_CODE":"72"}}
{"ts":1760992838199,"action":"IDE_DEACTIVATED"}
{"ts":1760992906611,"action":"IDE_ACTIVATED"}
{"ts":1760992907622,"action":"IDE_DEACTIVATED"}
{"ts":1760993031658,"action":"IDE_ACTIVATED"}
{"ts":1760993036230,"action":"FILE_CLOSED","file":"/src/main/java/es/upm/iwsim22_01/App.java","tags":{"FILE_LINE_OF_CODE":"72"}}
{"ts":1760993036230,"action":"FILE_OPENED","file":"/src/main/java/es/upm/iwsim22_01/models/Ticket.java","tags":{"FILE_LINE_OF_CODE":"124"}}
{"ts":1760993044746,"action":"IDE_DEACTIVATED"}
{"ts":1760993057865,"action":"IDE_ACTIVATED"}
{"ts":1760993066888,"action":"IDE_DEACTIVATED"}
{"ts":1760993219054,"action":"IDE_ACTIVATED"}
{"ts":1760993222431,"action":"FILE_CLOSED","file":"/src/main/java/es/upm/iwsim22_01/models/Ticket.java","tags":{"FILE_LINE_OF_CODE":"124"}}
{"ts":1760993222431,"action":"FILE_OPENED","file":"/src/main/java/es/upm/iwsim22_01/commands/Converter.java","tags":{"FILE_LINE_OF_CODE":"34"}}
{"ts":1760993239081,"action":"PROJECT_CLOSED","tags":{"PROJECT_NAME":"upm-shop"}}
{"ts":1760993387087,"action":"PROJECT_OPENED","tags":{"PROJECT_NAME":"upm-shop"}}
{"ts":1760993389721,"action":"FILE_CLOSED","file":"/src/main/java/es/upm/iwsim22_01/App.java","tags":{"FILE_LINE_OF_CODE":"72"}}
{"ts":1760993389721,"action":"FILE_OPENED","file":"/src/main/java/es/upm/iwsim22_01/commands/Converter.java","tags":{"FILE_LINE_OF_CODE":"34"}}
{"ts":1760993400520,"action":"IDE_DEACTIVATED"}
{"ts":1760993486161,"action":"IDE_ACTIVATED"}
{"ts":1760993488630,"action":"IDE_DEACTIVATED"}
{"ts":1760993497963,"action":"IDE_ACTIVATED"}
{"ts":1760993498976,"action":"FILE_CLOSED","file":"/src/main/java/es/upm/iwsim22_01/commands/Converter.java","tags":{"FILE_LINE_OF_CODE":"34"}}
{"ts":1760993498976,"action":"FILE_OPENED","file":"/src/main/java/es/upm/iwsim22_01/manager/ProductManager.java","tags":{"FILE_LINE_OF_CODE":"50"}}
{"ts":1760993507693,"action":"IDE_DEACTIVATED"}
{"ts":1760994083556,"action":"IDE_ACTIVATED"}
{"ts":1760994089102,"action":"IDE_DEACTIVATED"}
{"ts":1760994314921,"action":"IDE_ACTIVATED"}
{"ts":1760994318325,"action":"FILE_CLOSED","file":"/src/main/java/es/upm/iwsim22_01/manager/ProductManager.java","tags":{"FILE_LINE_OF_CODE":"50"}}
{"ts":1760994318325,"action":"FILE_OPENED","file":"/src/main/java/es/upm/iwsim22_01/commands/commands/CommandHandler.java","tags":{"FILE_LINE_OF_CODE":"9"}}
{"ts":1760994321865,"action":"FILE_CLOSED","file":"/src/main/java/es/upm/iwsim22_01/commands/commands/CommandHandler.java","tags":{"FILE_LINE_OF_CODE":"9"}}
{"ts":1760994321865,"action":"FILE_OPENED","file":"/src/main/java/es/upm/iwsim22_01/commands/CommandDispatcher.java","tags":{"FILE_LINE_OF_CODE":"55"}}
{"ts":1760994363272,"action":"IDE_DEACTIVATED"}
{"ts":1760994658098,"action":"IDE_ACTIVATED"}
{"ts":1760994659904,"action":"IDE_DEACTIVATED"}
{"ts":1760994667830,"action":"IDE_ACTIVATED"}
{"ts":1760994669630,"action":"FILE_CLOSED","file":"/src/main/java/es/upm/iwsim22_01/commands/CommandDispatcher.java","tags":{"FILE_LINE_OF_CODE":"55"}}
{"ts":1760994669630,"action":"FILE_OPENED","file":"/src/main/java/es/upm/iwsim22_01/App.java","tags":{"FILE_LINE_OF_CODE":"72"}}
{"ts":1760994678474,"action":"IDE_DEACTIVATED"}
{"ts":1760994687528,"action":"IDE_ACTIVATED"}
{"ts":1760994692839,"action":"IDE_DEACTIVATED"}
{"ts":1760998882885,"action":"IDE_ACTIVATED"}
{"ts":1760998884537,"action":"IDE_DEACTIVATED"}
{"ts":1761077301579,"action":"IDE_ACTIVATED"}
{"ts":1761077303120,"action":"IDE_DEACTIVATED"}
{"ts":1761077333023,"action":"IDE_ACTIVATED"}
{"ts":1761077343852,"action":"PROJECT_CLOSED","tags":{"PROJECT_NAME":"upm-shop"}}
{"ts":1763469696127,"action":"FILE_OPENED","file":"/src/main/java/es/upm/iwsim22_01/App.java","tags":{"FILE_LINE_OF_CODE":"72"}}
{"ts":1763469696799,"action":"PROJECT_OPENED","tags":{"PROJECT_NAME":"upm-shop"}}
{"ts":1763469751311,"action":"IDE_DEACTIVATED"}
{"ts":1763469823200,"action":"IDE_ACTIVATED"}
{"ts":1763469909505,"action":"FILE_CLOSED","file":"/src/main/java/es/upm/iwsim22_01/App.java","tags":{"FILE_LINE_OF_CODE":"72"}}
{"ts":1763469909589,"action":"FILE_OPENED","file":"/src/main/java/es/upm/iwsim22_01/commands/CommandTokens.java","tags":{"FILE_LINE_OF_CODE":"5"}}
{"ts":1763469926822,"action":"FILE_CLOSED","file":"/src/main/java/es/upm/iwsim22_01/commands/CommandTokens.java","tags":{"FILE_LINE_OF_CODE":"8"}}
{"ts":1763469934572,"action":"FILE_OPENED","file":"/src/main/java/es/upm/iwsim22_01/commands/CommandTokens.java","tags":{"FILE_LINE_OF_CODE":"8"}}
{"ts":1763469965106,"action":"FILE_CLOSED","file":"/src/main/java/es/upm/iwsim22_01/commands/CommandTokens.java","tags":{"FILE_LINE_OF_CODE":"14"}}
{"ts":1763469973002,"action":"FILE_OPENED","file":"/src/main/java/es/upm/iwsim22_01/commands/CommandTokens.java","tags":{"FILE_LINE_OF_CODE":"14"}}
{"ts":1763469997796,"action":"FILE_CLOSED","file":"/src/main/java/es/upm/iwsim22_01/commands/CommandTokens.java","tags":{"FILE_LINE_OF_CODE":"14"}}
{"ts":1763470030212,"action":"FILE_OPENED","file":"/src/main/java/es/upm/iwsim22_01/commands/CommandTokens.java","tags":{"FILE_LINE_OF_CODE":"14"}}
{"ts":1763470223952,"action":"FILE_CLOSED","file":"/src/main/java/es/upm/iwsim22_01/commands/CommandTokens.java","tags":{"FILE_LINE_OF_CODE":"30"}}
{"ts":1763470223952,"action":"FILE_OPENED","file":"/src/main/java/es/upm/iwsim22_01/commands/Converter.java","tags":{"FILE_LINE_OF_CODE":"34"}}
{"ts":1763470264854,"action":"FILE_CLOSED","file":"/src/main/java/es/upm/iwsim22_01/commands/Converter.java","tags":{"FILE_LINE_OF_CODE":"34"}}
{"ts":1763470264854,"action":"FILE_OPENED","file":"/src/main/java/es/upm/iwsim22_01/commands/CommandTokens.java","tags":{"FILE_LINE_OF_CODE":"30"}}
{"ts":1763470335234,"action":"FILE_CLOSED","file":"/src/main/java/es/upm/iwsim22_01/commands/CommandTokens.java","tags":{"FILE_LINE_OF_CODE":"37"}}
{"ts":1763470353106,"action":"FILE_OPENED","file":"/src/main/java/es/upm/iwsim22_01/commands/CommandTokens.java","tags":{"FILE_LINE_OF_CODE":"37"}}
{"ts":1763470641286,"action":"IDE_DEACTIVATED"}
{"ts":1763470667170,"action":"IDE_ACTIVATED"}
{"ts":1763470688059,"action":"IDE_DEACTIVATED"}
{"ts":1763470754221,"action":"IDE_ACTIVATED"}
{"ts":1763470939198,"action":"FILE_CLOSED","file":"/src/main/java/es/upm/iwsim22_01/commands/CommandTokens.java","tags":{"FILE_LINE_OF_CODE":"49"}}
{"ts":1763470939198,"action":"FILE_OPENED","file":"/src/main/java/es/upm/iwsim22_01/commands/Converter.java","tags":{"FILE_LINE_OF_CODE":"34"}}
{"ts":1763470941070,"action":"FILE_CLOSED","file":"/src/main/java/es/upm/iwsim22_01/commands/Converter.java","tags":{"FILE_LINE_OF_CODE":"34"}}
{"ts":1763470941070,"action":"FILE_OPENED","file":"/src/main/java/es/upm/iwsim22_01/commands/CommandTokens.java","tags":{"FILE_LINE_OF_CODE":"49"}}
{"ts":1763470960156,"action":"FILE_CLOSED","file":"/src/main/java/es/upm/iwsim22_01/commands/CommandTokens.java","tags":{"FILE_LINE_OF_CODE":"52"}}
{"ts":1763470973281,"action":"FILE_OPENED","file":"/src/main/java/es/upm/iwsim22_01/commands/CommandTokens.java","tags":{"FILE_LINE_OF_CODE":"52"}}
{"ts":1763470980733,"action":"FILE_CLOSED","file":"/src/main/java/es/upm/iwsim22_01/commands/CommandTokens.java","tags":{"FILE_LINE_OF_CODE":"48"}}
{"ts":1763470984255,"action":"FILE_OPENED","file":"/src/main/java/es/upm/iwsim22_01/commands/CommandTokens.java","tags":{"FILE_LINE_OF_CODE":"48"}}
{"ts":1763471002539,"action":"IDE_DEACTIVATED"}
{"ts":1763471150226,"action":"IDE_ACTIVATED"}
{"ts":1763471252812,"action":"IDE_DEACTIVATED"}
{"ts":1763471309976,"action":"IDE_ACTIVATED"}
{"ts":1763471314261,"action":"IDE_DEACTIVATED"}
{"ts":1763471318210,"action":"IDE_ACTIVATED"}
{"ts":1763471332061,"action":"IDE_DEACTIVATED"}
{"ts":1763471405593,"action":"IDE_ACTIVATED"}
{"ts":1763471416578,"action":"IDE_DEACTIVATED"}
{"ts":1763471416692,"action":"IDE_ACTIVATED"}
{"ts":1763471841523,"action":"FILE_CLOSED","file":"/src/main/java/es/upm/iwsim22_01/commands/CommandTokens.java","tags":{"FILE_LINE_OF_CODE":"89"}}
{"ts":1763471841523,"action":"FILE_OPENED","file":"/src/main/java/es/upm/iwsim22_01/commands/Converter.java","tags":{"FILE_LINE_OF_CODE":"34"}}
{"ts":1763471851755,"action":"FILE_CLOSED","file":"/src/main/java/es/upm/iwsim22_01/commands/Converter.java","tags":{"FILE_LINE_OF_CODE":"34"}}
{"ts":1763471851755,"action":"FILE_OPENED","file":"/src/main/java/es/upm/iwsim22_01/commands/CommandTokens.java","tags":{"FILE_LINE_OF_CODE":"89"}}
{"ts":1763472709884,"action":"FILE_CLOSED","file":"/src/main/java/es/upm/iwsim22_01/commands/CommandTokens.java","tags":{"FILE_LINE_OF_CODE":"97"}}
{"ts":1763472709884,"action":"FILE_OPENED","file":"/src/main/java/es/upm/iwsim22_01/commands/Converter.java","tags":{"FILE_LINE_OF_CODE":"34"}}
{"ts":1763472711569,"action":"FILE_CLOSED","file":"/src/main/java/es/upm/iwsim22_01/commands/Converter.java","tags":{"FILE_LINE_OF_CODE":"34"}}
{"ts":1763472711569,"action":"FILE_OPENED","file":"/src/main/java/es/upm/iwsim22_01/commands/CommandTokens.java","tags":{"FILE_LINE_OF_CODE":"97"}}
{"ts":1763472723759,"action":"IDE_DEACTIVATED"}
{"ts":1763472730510,"action":"IDE_ACTIVATED"}
{"ts":1763474111841,"action":"IDE_DEACTIVATED"}
{"ts":1763474832782,"action":"IDE_ACTIVATED"}
{"ts":1763474843451,"action":"IDE_DEACTIVATED"}
{"ts":1763474893633,"action":"IDE_ACTIVATED"}
{"ts":1763475100329,"action":"IDE_DEACTIVATED"}
{"ts":1763475162412,"action":"IDE_ACTIVATED"}
{"ts":1763475172855,"action":"FILE_CLOSED","file":"/src/main/java/es/upm/iwsim22_01/commands/CommandTokens.java","tags":{"FILE_LINE_OF_CODE":"119"}}
{"ts":1763475172855,"action":"FILE_OPENED","file":"/src/main/java/es/upm/iwsim22_01/commands/CommandDispatcher.java","tags":{"FILE_LINE_OF_CODE":"65"}}
{"ts":1763475177145,"action":"FILE_CLOSED","file":"/src/main/java/es/upm/iwsim22_01/commands/CommandDispatcher.java","tags":{"FILE_LINE_OF_CODE":"65"}}
{"ts":1763475177145,"action":"FILE_OPENED","file":"/src/main/java/es/upm/iwsim22_01/commands/commands/CommandHandler.java","tags":{"FILE_LINE_OF_CODE":"9"}}
{"ts":1763475186518,"action":"FILE_CLOSED","file":"/src/main/java/es/upm/iwsim22_01/commands/commands/CommandHandler.java","tags":{"FILE_LINE_OF_CODE":"9"}}
{"ts":1763475186518,"action":"FILE_OPENED","file":"/src/main/java/es/upm/iwsim22_01/commands/CommandTokens.java","tags":{"FILE_LINE_OF_CODE":"119"}}
{"ts":1763475187543,"action":"FILE_CLOSED","file":"/src/main/java/es/upm/iwsim22_01/commands/CommandTokens.java","tags":{"FILE_LINE_OF_CODE":"119"}}
{"ts":1763475187543,"action":"FILE_OPENED","file":"/src/main/java/es/upm/iwsim22_01/commands/CommandDispatcher.java","tags":{"FILE_LINE_OF_CODE":"65"}}
{"ts":1763475192671,"action":"IDE_DEACTIVATED"}
{"ts":1763475220617,"action":"IDE_ACTIVATED"}
{"ts":1763475247375,"action":"FILE_CLOSED","file":"/src/main/java/es/upm/iwsim22_01/commands/CommandDispatcher.java","tags":{"FILE_LINE_OF_CODE":"65"}}
{"ts":1763475247408,"action":"FILE_OPENED","file":"/src/main/java/es/upm/iwsim22_01/commands/commands/CashierCommandHandler.java","tags":{"FILE_LINE_OF_CODE":"128"}}
{"ts":1763475299776,"action":"FILE_CLOSED","file":"/src/main/java/es/upm/iwsim22_01/commands/commands/CashierCommandHandler.java","tags":{"FILE_LINE_OF_CODE":"129"}}
{"ts":1763475299808,"action":"FILE_OPENED","file":"/src/main/java/es/upm/iwsim22_01/commands/commands/ClientCommandHandler.java","tags":{"FILE_LINE_OF_CODE":"113"}}
{"ts":1763475334781,"action":"FILE_CLOSED","file":"/src/main/java/es/upm/iwsim22_01/commands/commands/ClientCommandHandler.java","tags":{"FILE_LINE_OF_CODE":"114"}}
{"ts":1763475334781,"action":"FILE_OPENED","file":"/src/main/java/es/upm/iwsim22_01/commands/commands/EchoCommandHandler.java","tags":{"FILE_LINE_OF_CODE":"19"}}
{"ts":1763475346972,"action":"FILE_CLOSED","file":"/src/main/java/es/upm/iwsim22_01/commands/commands/EchoCommandHandler.java","tags":{"FILE_LINE_OF_CODE":"21"}}
{"ts":1763475346972,"action":"FILE_OPENED","file":"/src/main/java/es/upm/iwsim22_01/commands/commands/ExitCommandHandler.java","tags":{"FILE_LINE_OF_CODE":"14"}}
{"ts":1763475355172,"action":"FILE_CLOSED","file":"/src/main/java/es/upm/iwsim22_01/commands/commands/ExitCommandHandler.java","tags":{"FILE_LINE_OF_CODE":"15"}}
{"ts":1763475355172,"action":"FILE_OPENED","file":"/src/main/java/es/upm/iwsim22_01/commands/commands/HelpCommandHandler.java","tags":{"FILE_LINE_OF_CODE":"45"}}
{"ts":1763475367150,"action":"FILE_CLOSED","file":"/src/main/java/es/upm/iwsim22_01/commands/commands/HelpCommandHandler.java","tags":{"FILE_LINE_OF_CODE":"46"}}
{"ts":1763475367150,"action":"FILE_OPENED","file":"/src/main/java/es/upm/iwsim22_01/commands/commands/ProdCommandHandler.java","tags":{"FILE_LINE_OF_CODE":"396"}}
{"ts":1763475373580,"action":"FILE_CLOSED","file":"/src/main/java/es/upm/iwsim22_01/commands/commands/ProdCommandHandler.java","tags":{"FILE_LINE_OF_CODE":"397"}}
{"ts":1763475373580,"action":"FILE_OPENED","file":"/src/main/java/es/upm/iwsim22_01/commands/commands/TicketCommandHandler.java","tags":{"FILE_LINE_OF_CODE":"276"}}
{"ts":1763475448302,"action":"IDE_DEACTIVATED"}
{"ts":1763475535926,"action":"IDE_ACTIVATED"}
{"ts":1763475563681,"action":"FILE_CLOSED","file":"/src/main/java/es/upm/iwsim22_01/commands/commands/TicketCommandHandler.java","tags":{"FILE_LINE_OF_CODE":"278"}}
{"ts":1763475563681,"action":"FILE_OPENED","file":"/src/main/java/es/upm/iwsim22_01/commands/commands/CashierCommandHandler.java","tags":{"FILE_LINE_OF_CODE":"129"}}
{"ts":1763475567385,"action":"FILE_CLOSED","file":"/src/main/java/es/upm/iwsim22_01/commands/commands/CashierCommandHandler.java","tags":{"FILE_LINE_OF_CODE":"129"}}
{"ts":1763475567385,"action":"FILE_OPENED","file":"/src/main/java/es/upm/iwsim22_01/commands/commands/TicketCommandHandler.java","tags":{"FILE_LINE_OF_CODE":"278"}}
{"ts":1763475589887,"action":"FILE_CLOSED","file":"/src/main/java/es/upm/iwsim22_01/commands/commands/TicketCommandHandler.java","tags":{"FILE_LINE_OF_CODE":"278"}}
{"ts":1763475589887,"action":"FILE_OPENED","file":"/src/main/java/es/upm/iwsim22_01/commands/CommandTokens.java","tags":{"FILE_LINE_OF_CODE":"119"}}
{"ts":1763475601376,"action":"FILE_CLOSED","file":"/src/main/java/es/upm/iwsim22_01/commands/CommandTokens.java","tags":{"FILE_LINE_OF_CODE":"119"}}
{"ts":1763475601376,"action":"FILE_OPENED","file":"/src/main/java/es/upm/iwsim22_01/commands/commands/TicketCommandHandler.java","tags":{"FILE_LINE_OF_CODE":"278"}}
{"ts":1763475693008,"action":"IDE_DEACTIVATED"}
{"ts":1763475887804,"action":"IDE_ACTIVATED"}
{"ts":1763475910219,"action":"IDE_DEACTIVATED"}
{"ts":1763476892849,"action":"IDE_ACTIVATED"}
{"ts":1763476937632,"action":"IDE_DEACTIVATED"}
{"ts":1763476976059,"action":"IDE_ACTIVATED"}
{"ts":1763477854314,"action":"IDE_DEACTIVATED"}
{"ts":1763477870963,"action":"IDE_ACTIVATED"}
{"ts":1763477943062,"action":"IDE_DEACTIVATED"}
{"ts":1763477981522,"action":"IDE_ACTIVATED"}
{"ts":1763477983338,"action":"IDE_DEACTIVATED"}
{"ts":1763477988320,"action":"IDE_ACTIVATED"}
{"ts":1763478311338,"action":"IDE_DEACTIVATED"}
{"ts":1763478374804,"action":"IDE_ACTIVATED"}
{"ts":1763478596012,"action":"FILE_CLOSED","file":"/src/main/java/es/upm/iwsim22_01/commands/commands/ticket/TicketCommandHandler.java","tags":{"FILE_LINE_OF_CODE":"290"}}
{"ts":1763478596038,"action":"FILE_OPENED","file":"/src/main/java/es/upm/iwsim22_01/commands/commands/ticket/TicketNewCommandHandler.java","tags":{"FILE_LINE_OF_CODE":"291"}}
{"ts":1763478608360,"action":"FILE_CLOSED","file":"/src/main/java/es/upm/iwsim22_01/commands/commands/ticket/TicketNewCommandHandler.java","tags":{"FILE_LINE_OF_CODE":"291"}}
{"ts":1763478608360,"action":"FILE_OPENED","file":"/src/main/java/es/upm/iwsim22_01/commands/CommandDispatcher.java","tags":{"FILE_LINE_OF_CODE":"65"}}
{"ts":1763478722705,"action":"FILE_CLOSED","file":"/src/main/java/es/upm/iwsim22_01/commands/CommandDispatcher.java","tags":{"FILE_LINE_OF_CODE":"76"}}
{"ts":1763478722705,"action":"FILE_OPENED","file":"/src/main/java/es/upm/iwsim22_01/App.java","tags":{"FILE_LINE_OF_CODE":"64"}}
{"ts":1763478725478,"action":"FILE_CLOSED","file":"/src/main/java/es/upm/iwsim22_01/App.java","tags":{"FILE_LINE_OF_CODE":"64"}}
{"ts":1763478725478,"action":"FILE_OPENED","file":"/src/main/java/es/upm/iwsim22_01/commands/CommandDispatcher.java","tags":{"FILE_LINE_OF_CODE":"76"}}
{"ts":1763478817452,"action":"FILE_CLOSED","file":"/src/main/java/es/upm/iwsim22_01/commands/CommandDispatcher.java","tags":{"FILE_LINE_OF_CODE":"75"}}
{"ts":1763478817452,"action":"FILE_OPENED","file":"/src/main/java/es/upm/iwsim22_01/commands/commands/ticket/TicketCommandHandler.java","tags":{"FILE_LINE_OF_CODE":"290"}}
{"ts":1763478903649,"action":"FILE_CLOSED","file":"/src/main/java/es/upm/iwsim22_01/commands/commands/ticket/TicketCommandHandler.java","tags":{"FILE_LINE_OF_CODE":"297"}}
{"ts":1763478903649,"action":"FILE_OPENED","file":"/src/main/java/es/upm/iwsim22_01/commands/CommandDispatcher.java","tags":{"FILE_LINE_OF_CODE":"75"}}
{"ts":1763478968936,"action":"FILE_CLOSED","file":"/src/main/java/es/upm/iwsim22_01/commands/CommandDispatcher.java","tags":{"FILE_LINE_OF_CODE":"77"}}
{"ts":1763478968936,"action":"FILE_OPENED","file":"/src/main/java/es/upm/iwsim22_01/commands/commands/ticket/TicketCommandHandler.java","tags":{"FILE_LINE_OF_CODE":"297"}}
{"ts":1763478988663,"action":"FILE_CLOSED","file":"/src/main/java/es/upm/iwsim22_01/commands/commands/ticket/TicketCommandHandler.java","tags":{"FILE_LINE_OF_CODE":"297"}}
{"ts":1763478988713,"action":"FILE_OPENED","file":"/src/main/java/es/upm/iwsim22_01/commands/commands/ticket/TicketAddCommandHandler.java","tags":{"FILE_LINE_OF_CODE":"291"}}
{"ts":1763479000830,"action":"FILE_CLOSED","file":"/src/main/java/es/upm/iwsim22_01/commands/commands/ticket/TicketAddCommandHandler.java","tags":{"FILE_LINE_OF_CODE":"291"}}
{"ts":1763479000933,"action":"FILE_OPENED","file":"/src/main/java/es/upm/iwsim22_01/commands/commands/ticket/TicketRemoveCommandHandler.java","tags":{"FILE_LINE_OF_CODE":"291"}}
{"ts":1763479013472,"action":"FILE_CLOSED","file":"/src/main/java/es/upm/iwsim22_01/commands/commands/ticket/TicketRemoveCommandHandler.java","tags":{"FILE_LINE_OF_CODE":"291"}}
{"ts":1763479013531,"action":"FILE_OPENED","file":"/src/main/java/es/upm/iwsim22_01/commands/commands/ticket/TicketPrintCommandHandler.java","tags":{"FILE_LINE_OF_CODE":"291"}}
{"ts":1763479021449,"action":"FILE_CLOSED","file":"/src/main/java/es/upm/iwsim22_01/commands/commands/ticket/TicketPrintCommandHandler.java","tags":{"FILE_LINE_OF_CODE":"291"}}
{"ts":1763479021503,"action":"FILE_OPENED","file":"/src/main/java/es/upm/iwsim22_01/commands/commands/ticket/TicketListCommandHandler.java","tags":{"FILE_LINE_OF_CODE":"291"}}
{"ts":1763479024056,"action":"FILE_CLOSED","file":"/src/main/java/es/upm/iwsim22_01/commands/commands/ticket/TicketListCommandHandler.java","tags":{"FILE_LINE_OF_CODE":"291"}}
{"ts":1763479024056,"action":"FILE_OPENED","file":"/src/main/java/es/upm/iwsim22_01/commands/commands/ticket/TicketCommandHandler.java","tags":{"FILE_LINE_OF_CODE":"297"}}
{"ts":1763479039224,"action":"FILE_CLOSED","file":"/src/main/java/es/upm/iwsim22_01/commands/commands/ticket/TicketCommandHandler.java","tags":{"FILE_LINE_OF_CODE":"297"}}
{"ts":1763479039224,"action":"FILE_OPENED","file":"/src/main/java/es/upm/iwsim22_01/commands/CommandDispatcher.java","tags":{"FILE_LINE_OF_CODE":"77"}}
{"ts":1763479073391,"action":"FILE_CLOSED","file":"/src/main/java/es/upm/iwsim22_01/commands/CommandDispatcher.java","tags":{"FILE_LINE_OF_CODE":"76"}}
{"ts":1763479073391,"action":"FILE_OPENED","file":"/src/main/java/es/upm/iwsim22_01/commands/commands/ticket/TicketCommandHandler.java","tags":{"FILE_LINE_OF_CODE":"297"}}
{"ts":1763479175737,"action":"IDE_DEACTIVATED"}
{"ts":1763479482875,"action":"IDE_ACTIVATED"}
{"ts":1763479493511,"action":"FILE_CLOSED","file":"/src/main/java/es/upm/iwsim22_01/commands/commands/ticket/TicketCommandHandler.java","tags":{"FILE_LINE_OF_CODE":"41"}}
{"ts":1763479493511,"action":"FILE_OPENED","file":"/src/main/java/es/upm/iwsim22_01/commands/commands/ticket/TicketAddCommandHandler.java","tags":{"FILE_LINE_OF_CODE":"291"}}
{"ts":1763479651900,"action":"FILE_CLOSED","file":"/src/main/java/es/upm/iwsim22_01/commands/commands/ticket/TicketAddCommandHandler.java","tags":{"FILE_LINE_OF_CODE":"130"}}
{"ts":1763479651900,"action":"FILE_OPENED","file":"/src/main/java/es/upm/iwsim22_01/commands/commands/ticket/TicketListCommandHandler.java","tags":{"FILE_LINE_OF_CODE":"291"}}
{"ts":1763479709899,"action":"FILE_CLOSED","file":"/src/main/java/es/upm/iwsim22_01/commands/commands/ticket/TicketListCommandHandler.java","tags":{"FILE_LINE_OF_CODE":"37"}}
{"ts":1763479709899,"action":"FILE_OPENED","file":"/src/main/java/es/upm/iwsim22_01/commands/commands/ticket/TicketNewCommandHandler.java","tags":{"FILE_LINE_OF_CODE":"291"}}
{"ts":1763479843816,"action":"FILE_CLOSED","file":"/src/main/java/es/upm/iwsim22_01/commands/commands/ticket/TicketNewCommandHandler.java","tags":{"FILE_LINE_OF_CODE":"119"}}
{"ts":1763479843816,"action":"FILE_OPENED","file":"/src/main/java/es/upm/iwsim22_01/commands/commands/ticket/TicketPrintCommandHandler.java","tags":{"FILE_LINE_OF_CODE":"291"}}
{"ts":1763479943342,"action":"FILE_CLOSED","file":"/src/main/java/es/upm/iwsim22_01/commands/commands/ticket/TicketPrintCommandHandler.java","tags":{"FILE_LINE_OF_CODE":"69"}}
{"ts":1763479943342,"action":"FILE_OPENED","file":"/src/main/java/es/upm/iwsim22_01/commands/commands/ticket/TicketRemoveCommandHandler.java","tags":{"FILE_LINE_OF_CODE":"291"}}
{"ts":1763480035396,"action":"FILE_CLOSED","file":"/src/main/java/es/upm/iwsim22_01/commands/commands/ticket/TicketRemoveCommandHandler.java","tags":{"FILE_LINE_OF_CODE":"97"}}
{"ts":1763480035396,"action":"FILE_OPENED","file":"/src/main/java/es/upm/iwsim22_01/commands/commands/ticket/TicketCommandHandler.java","tags":{"FILE_LINE_OF_CODE":"41"}}
{"ts":1763480095701,"action":"FILE_CLOSED","file":"/src/main/java/es/upm/iwsim22_01/commands/commands/ticket/TicketCommandHandler.java","tags":{"FILE_LINE_OF_CODE":"36"}}
{"ts":1763480095701,"action":"FILE_OPENED","file":"/src/main/java/es/upm/iwsim22_01/commands/commands/ProdCommandHandler.java","tags":{"FILE_LINE_OF_CODE":"396"}}
{"ts":1763480100481,"action":"FILE_CLOSED","file":"/src/main/java/es/upm/iwsim22_01/commands/commands/ProdCommandHandler.java","tags":{"FILE_LINE_OF_CODE":"396"}}
{"ts":1763480100481,"action":"FILE_OPENED","file":"/src/main/java/es/upm/iwsim22_01/commands/commands/HelpCommandHandler.java","tags":{"FILE_LINE_OF_CODE":"46"}}
{"ts":1763480103078,"action":"FILE_CLOSED","file":"/src/main/java/es/upm/iwsim22_01/commands/commands/HelpCommandHandler.java","tags":{"FILE_LINE_OF_CODE":"46"}}
{"ts":1763480103078,"action":"FILE_OPENED","file":"/src/main/java/es/upm/iwsim22_01/commands/commands/ExitCommandHandler.java","tags":{"FILE_LINE_OF_CODE":"15"}}
{"ts":1763480156126,"action":"IDE_DEACTIVATED"}
{"ts":1763480178685,"action":"IDE_ACTIVATED"}
{"ts":1763480184940,"action":"FILE_CLOSED","file":"/src/main/java/es/upm/iwsim22_01/commands/handlers/ExitCommandHandler.java","tags":{"FILE_LINE_OF_CODE":"13"}}
{"ts":1763480184940,"action":"FILE_OPENED","file":"/src/main/java/es/upm/iwsim22_01/commands/handlers/prod/ProdCommandHandler.java","tags":{"FILE_LINE_OF_CODE":"396"}}
{"ts":1763480190744,"action":"FILE_CLOSED","file":"/src/main/java/es/upm/iwsim22_01/commands/handlers/prod/ProdCommandHandler.java","tags":{"FILE_LINE_OF_CODE":"396"}}
{"ts":1763480190744,"action":"FILE_OPENED","file":"/src/main/java/es/upm/iwsim22_01/commands/handlers/ticket/TicketCommandHandler.java","tags":{"FILE_LINE_OF_CODE":"36"}}
{"ts":1763480191360,"action":"FILE_CLOSED","file":"/src/main/java/es/upm/iwsim22_01/commands/handlers/ticket/TicketCommandHandler.java","tags":{"FILE_LINE_OF_CODE":"36"}}
{"ts":1763480191360,"action":"FILE_OPENED","file":"/src/main/java/es/upm/iwsim22_01/commands/handlers/ticket/TicketAddCommandHandler.java","tags":{"FILE_LINE_OF_CODE":"130"}}
{"ts":1763480195121,"action":"IDE_DEACTIVATED"}
{"ts":1763480213380,"action":"IDE_ACTIVATED"}
{"ts":1763480213608,"action":"FILE_CLOSED","file":"/src/main/java/es/upm/iwsim22_01/commands/handlers/ticket/TicketAddCommandHandler.java","tags":{"FILE_LINE_OF_CODE":"130"}}
{"ts":1763480213608,"action":"FILE_OPENED","file":"/src/main/java/es/upm/iwsim22_01/commands/handlers/ticket/TicketCommandHandler.java","tags":{"FILE_LINE_OF_CODE":"36"}}
{"ts":1763480216285,"action":"IDE_DEACTIVATED"}
{"ts":1763480217755,"action":"IDE_ACTIVATED"}
{"ts":1763480218328,"action":"FILE_CLOSED","file":"/src/main/java/es/upm/iwsim22_01/commands/handlers/ticket/TicketCommandHandler.java","tags":{"FILE_LINE_OF_CODE":"36"}}
{"ts":1763480218328,"action":"FILE_OPENED","file":"/src/main/java/es/upm/iwsim22_01/commands/handlers/ticket/TicketAddCommandHandler.java","tags":{"FILE_LINE_OF_CODE":"130"}}
{"ts":1763480220062,"action":"IDE_DEACTIVATED"}
{"ts":1763480221218,"action":"IDE_ACTIVATED"}
{"ts":1763480221441,"action":"FILE_CLOSED","file":"/src/main/java/es/upm/iwsim22_01/commands/handlers/ticket/TicketAddCommandHandler.java","tags":{"FILE_LINE_OF_CODE":"130"}}
{"ts":1763480221441,"action":"FILE_OPENED","file":"/src/main/java/es/upm/iwsim22_01/commands/handlers/ticket/TicketListCommandHandler.java","tags":{"FILE_LINE_OF_CODE":"32"}}
{"ts":1763480223477,"action":"IDE_DEACTIVATED"}
{"ts":1763480225659,"action":"IDE_ACTIVATED"}
{"ts":1763480225896,"action":"FILE_CLOSED","file":"/src/main/java/es/upm/iwsim22_01/commands/handlers/ticket/TicketListCommandHandler.java","tags":{"FILE_LINE_OF_CODE":"32"}}
{"ts":1763480225896,"action":"FILE_OPENED","file":"/src/main/java/es/upm/iwsim22_01/commands/handlers/ticket/TicketNewCommandHandler.java","tags":{"FILE_LINE_OF_CODE":"118"}}
{"ts":1763480228828,"action":"IDE_DEACTIVATED"}
{"ts":1763480230292,"action":"IDE_ACTIVATED"}
{"ts":1763480230632,"action":"FILE_CLOSED","file":"/src/main/java/es/upm/iwsim22_01/commands/handlers/ticket/TicketNewCommandHandler.java","tags":{"FILE_LINE_OF_CODE":"118"}}
{"ts":1763480230632,"action":"FILE_OPENED","file":"/src/main/java/es/upm/iwsim22_01/commands/handlers/ticket/TicketPrintCommandHandler.java","tags":{"FILE_LINE_OF_CODE":"69"}}
{"ts":1763480232737,"action":"IDE_DEACTIVATED"}
{"ts":1763480234587,"action":"IDE_ACTIVATED"}
{"ts":1763480234799,"action":"FILE_CLOSED","file":"/src/main/java/es/upm/iwsim22_01/commands/handlers/ticket/TicketPrintCommandHandler.java","tags":{"FILE_LINE_OF_CODE":"69"}}
{"ts":1763480234799,"action":"FILE_OPENED","file":"/src/main/java/es/upm/iwsim22_01/commands/handlers/ticket/TicketRemoveCommandHandler.java","tags":{"FILE_LINE_OF_CODE":"96"}}
{"ts":1763480236888,"action":"IDE_DEACTIVATED"}
{"ts":1763480239564,"action":"IDE_ACTIVATED"}
{"ts":1763480239792,"action":"FILE_CLOSED","file":"/src/main/java/es/upm/iwsim22_01/commands/handlers/ticket/TicketRemoveCommandHandler.java","tags":{"FILE_LINE_OF_CODE":"96"}}
{"ts":1763480239792,"action":"FILE_OPENED","file":"/src/main/java/es/upm/iwsim22_01/commands/CommandDispatcher.java","tags":{"FILE_LINE_OF_CODE":"76"}}
{"ts":1763480241755,"action":"IDE_DEACTIVATED"}
{"ts":1763480275306,"action":"IDE_ACTIVATED"}
{"ts":1763480275558,"action":"FILE_CLOSED","file":"/src/main/java/es/upm/iwsim22_01/commands/CommandDispatcher.java","tags":{"FILE_LINE_OF_CODE":"76"}}
{"ts":1763480275558,"action":"FILE_OPENED","file":"/src/main/java/es/upm/iwsim22_01/commands/handlers/ticket/TicketAddCommandHandler.java","tags":{"FILE_LINE_OF_CODE":"130"}}
{"ts":1763480295620,"action":"FILE_CLOSED","file":"/src/main/java/es/upm/iwsim22_01/commands/handlers/ticket/TicketAddCommandHandler.java","tags":{"FILE_LINE_OF_CODE":"130"}}
{"ts":1763480295620,"action":"FILE_OPENED","file":"/src/main/java/es/upm/iwsim22_01/commands/handlers/ticket/TicketNewCommandHandler.java","tags":{"FILE_LINE_OF_CODE":"118"}}
{"ts":1763480328109,"action":"FILE_CLOSED","file":"/src/main/java/es/upm/iwsim22_01/commands/handlers/ticket/TicketNewCommandHandler.java","tags":{"FILE_LINE_OF_CODE":"118"}}
{"ts":1763480328109,"action":"FILE_OPENED","file":"/src/main/java/es/upm/iwsim22_01/commands/handlers/ticket/TicketPrintCommandHandler.java","tags":{"FILE_LINE_OF_CODE":"69"}}
{"ts":1763480332158,"action":"FILE_CLOSED","file":"/src/main/java/es/upm/iwsim22_01/commands/handlers/ticket/TicketPrintCommandHandler.java","tags":{"FILE_LINE_OF_CODE":"69"}}
{"ts":1763480332158,"action":"FILE_OPENED","file":"/src/main/java/es/upm/iwsim22_01/commands/handlers/ticket/TicketRemoveCommandHandler.java","tags":{"FILE_LINE_OF_CODE":"96"}}
{"ts":1763480344012,"action":"FILE_CLOSED","file":"/src/main/java/es/upm/iwsim22_01/commands/handlers/ticket/TicketRemoveCommandHandler.java","tags":{"FILE_LINE_OF_CODE":"96"}}
{"ts":1763480344012,"action":"FILE_OPENED","file":"/src/main/java/es/upm/iwsim22_01/commands/handlers/ticket/TicketPrintCommandHandler.java","tags":{"FILE_LINE_OF_CODE":"69"}}
{"ts":1763480347116,"action":"FILE_CLOSED","file":"/src/main/java/es/upm/iwsim22_01/commands/handlers/ticket/TicketPrintCommandHandler.java","tags":{"FILE_LINE_OF_CODE":"69"}}
{"ts":1763480347116,"action":"FILE_OPENED","file":"/src/main/java/es/upm/iwsim22_01/commands/handlers/ticket/TicketNewCommandHandler.java","tags":{"FILE_LINE_OF_CODE":"118"}}
{"ts":1763480349948,"action":"FILE_CLOSED","file":"/src/main/java/es/upm/iwsim22_01/commands/handlers/ticket/TicketNewCommandHandler.java","tags":{"FILE_LINE_OF_CODE":"118"}}
{"ts":1763480349948,"action":"FILE_OPENED","file":"/src/main/java/es/upm/iwsim22_01/commands/handlers/ticket/TicketListCommandHandler.java","tags":{"FILE_LINE_OF_CODE":"32"}}
{"ts":1763480355493,"action":"FILE_CLOSED","file":"/src/main/java/es/upm/iwsim22_01/commands/handlers/ticket/TicketListCommandHandler.java","tags":{"FILE_LINE_OF_CODE":"32"}}
{"ts":1763480355493,"action":"FILE_OPENED","file":"/src/main/java/es/upm/iwsim22_01/commands/handlers/ticket/TicketCommandHandler.java","tags":{"FILE_LINE_OF_CODE":"36"}}
{"ts":1763480357099,"action":"FILE_CLOSED","file":"/src/main/java/es/upm/iwsim22_01/commands/handlers/ticket/TicketCommandHandler.java","tags":{"FILE_LINE_OF_CODE":"36"}}
{"ts":1763480357099,"action":"FILE_OPENED","file":"/src/main/java/es/upm/iwsim22_01/commands/handlers/ticket/TicketAddCommandHandler.java","tags":{"FILE_LINE_OF_CODE":"130"}}
{"ts":1763480395331,"action":"FILE_CLOSED","file":"/src/main/java/es/upm/iwsim22_01/commands/handlers/ticket/TicketAddCommandHandler.java","tags":{"FILE_LINE_OF_CODE":"130"}}
{"ts":1763480395331,"action":"FILE_OPENED","file":"/src/main/java/es/upm/iwsim22_01/commands/handlers/ticket/TicketCommandHandler.java","tags":{"FILE_LINE_OF_CODE":"36"}}
{"ts":1763480449017,"action":"FILE_CLOSED","file":"/src/main/java/es/upm/iwsim22_01/commands/handlers/ticket/TicketCommandHandler.java","tags":{"FILE_LINE_OF_CODE":"36"}}
{"ts":1763480449017,"action":"FILE_OPENED","file":"/src/main/java/es/upm/iwsim22_01/commands/handlers/ticket/TicketAddCommandHandler.java","tags":{"FILE_LINE_OF_CODE":"130"}}
{"ts":1763480455065,"action":"FILE_CLOSED","file":"/src/main/java/es/upm/iwsim22_01/commands/handlers/ticket/TicketAddCommandHandler.java","tags":{"FILE_LINE_OF_CODE":"128"}}
{"ts":1763480455065,"action":"FILE_OPENED","file":"/src/main/java/es/upm/iwsim22_01/commands/handlers/ticket/TicketCommandHandler.java","tags":{"FILE_LINE_OF_CODE":"36"}}
{"ts":1763480457129,"action":"FILE_CLOSED","file":"/src/main/java/es/upm/iwsim22_01/commands/handlers/ticket/TicketCommandHandler.java","tags":{"FILE_LINE_OF_CODE":"36"}}
{"ts":1763480457129,"action":"FILE_OPENED","file":"/src/main/java/es/upm/iwsim22_01/commands/handlers/ticket/TicketListCommandHandler.java","tags":{"FILE_LINE_OF_CODE":"32"}}
{"ts":1763480458699,"action":"FILE_CLOSED","file":"/src/main/java/es/upm/iwsim22_01/commands/handlers/ticket/TicketListCommandHandler.java","tags":{"FILE_LINE_OF_CODE":"32"}}
{"ts":1763480458699,"action":"FILE_OPENED","file":"/src/main/java/es/upm/iwsim22_01/commands/handlers/ticket/TicketNewCommandHandler.java","tags":{"FILE_LINE_OF_CODE":"118"}}
{"ts":1763480464859,"action":"FILE_CLOSED","file":"/src/main/java/es/upm/iwsim22_01/commands/handlers/ticket/TicketNewCommandHandler.java","tags":{"FILE_LINE_OF_CODE":"117"}}
{"ts":1763480464859,"action":"FILE_OPENED","file":"/src/main/java/es/upm/iwsim22_01/commands/handlers/ticket/TicketPrintCommandHandler.java","tags":{"FILE_LINE_OF_CODE":"69"}}
{"ts":1763480471503,"action":"FILE_CLOSED","file":"/src/main/java/es/upm/iwsim22_01/commands/handlers/ticket/TicketPrintCommandHandler.java","tags":{"FILE_LINE_OF_CODE":"68"}}
{"ts":1763480471503,"action":"FILE_OPENED","file":"/src/main/java/es/upm/iwsim22_01/commands/handlers/ticket/TicketRemoveCommandHandler.java","tags":{"FILE_LINE_OF_CODE":"96"}}
{"ts":1763480485632,"action":"FILE_CLOSED","file":"/src/main/java/es/upm/iwsim22_01/commands/handlers/ticket/TicketRemoveCommandHandler.java","tags":{"FILE_LINE_OF_CODE":"94"}}
{"ts":1763480485632,"action":"FILE_OPENED","file":"/src/main/java/es/upm/iwsim22_01/commands/handlers/ticket/TicketAddCommandHandler.java","tags":{"FILE_LINE_OF_CODE":"128"}}
{"ts":1763480514881,"action":"IDE_DEACTIVATED"}
{"ts":1763480554956,"action":"IDE_ACTIVATED"}
{"ts":1763480562287,"action":"FILE_CLOSED","file":"/src/main/java/es/upm/iwsim22_01/commands/handlers/ticket/TicketAddCommandHandler.java","tags":{"FILE_LINE_OF_CODE":"126"}}
{"ts":1763480562287,"action":"FILE_OPENED","file":"/src/main/java/es/upm/iwsim22_01/commands/handlers/ticket/TicketCommandHandler.java","tags":{"FILE_LINE_OF_CODE":"36"}}
{"ts":1763480564887,"action":"FILE_CLOSED","file":"/src/main/java/es/upm/iwsim22_01/commands/handlers/ticket/TicketCommandHandler.java","tags":{"FILE_LINE_OF_CODE":"36"}}
{"ts":1763480564887,"action":"FILE_OPENED","file":"/src/main/java/es/upm/iwsim22_01/commands/handlers/ticket/TicketListCommandHandler.java","tags":{"FILE_LINE_OF_CODE":"32"}}
{"ts":1763480567241,"action":"FILE_CLOSED","file":"/src/main/java/es/upm/iwsim22_01/commands/handlers/ticket/TicketListCommandHandler.java","tags":{"FILE_LINE_OF_CODE":"32"}}
{"ts":1763480567241,"action":"FILE_OPENED","file":"/src/main/java/es/upm/iwsim22_01/commands/handlers/ticket/TicketNewCommandHandler.java","tags":{"FILE_LINE_OF_CODE":"117"}}
{"ts":1763480573369,"action":"FILE_CLOSED","file":"/src/main/java/es/upm/iwsim22_01/commands/handlers/ticket/TicketNewCommandHandler.java","tags":{"FILE_LINE_OF_CODE":"117"}}
{"ts":1763480573369,"action":"FILE_OPENED","file":"/src/main/java/es/upm/iwsim22_01/commands/handlers/ticket/TicketPrintCommandHandler.java","tags":{"FILE_LINE_OF_CODE":"68"}}
{"ts":1763480579643,"action":"FILE_CLOSED","file":"/src/main/java/es/upm/iwsim22_01/commands/handlers/ticket/TicketPrintCommandHandler.java","tags":{"FILE_LINE_OF_CODE":"69"}}
{"ts":1763480579643,"action":"FILE_OPENED","file":"/src/main/java/es/upm/iwsim22_01/commands/handlers/ticket/TicketRemoveCommandHandler.java","tags":{"FILE_LINE_OF_CODE":"94"}}
{"ts":1763480586260,"action":"IDE_DEACTIVATED"}
